

<!DOCTYPE html>
<html>
<head>
<meta charset="UTF-8">
<meta name="viewport" content="width=device-width, initial-scale=1, shrink-to-fit=no">
<title>Blue Rental Cars</title>
<link rel="apple-touch-icon" href="https://cdn.jsdelivr.net/gh/extent-framework/extent-github-cdn@b00a2d0486596e73dd7326beacf352c639623a0e/commons/img/logo.png">
<link rel="shortcut icon" href="https://cdn.jsdelivr.net/gh/extent-framework/extent-github-cdn@b00a2d0486596e73dd7326beacf352c639623a0e/commons/img/logo.png">
<link href="https://cdn.jsdelivr.net/gh/extent-framework/extent-github-cdn@d6562a79075e061305ccfdb82f01e5e195e2d307/spark/css/spark-style.css" rel="stylesheet" />
<link href="https://stackpath.bootstrapcdn.com/font-awesome/4.7.0/css/font-awesome.min.css" rel="stylesheet">
<script src="https://cdn.jsdelivr.net/gh/extent-framework/extent-github-cdn@7cc78ce/spark/js/jsontree.js"></script>
<style type="text/css"></style></head><body class="spa bdd-report standard">
  <div class="app">
    <div class="layout">
<div class="header navbar">
<div class="vheader">
<div class="nav-logo">
<a href="#">
<div class="logo" style="background-image: url('https://cdn.jsdelivr.net/gh/extent-framework/extent-github-cdn@b00a2d0486596e73dd7326beacf352c639623a0e/commons/img/logo.png')"></div>
</a>
</div>
<ul class="nav-left">
<li class="search-box">
<a class="search-toggle" href="#">
<i class="search-icon fa fa-search"></i>
<i class="search-icon-close fa fa-close"></i>
</a>
</li>
<li class="search-input"><input id="search-tests" class="form-control" type="text" placeholder="Search..."></li>
</ul>
<ul class="nav-right">
<li class="m-r-10">
<a href="#"><span class="badge badge-primary">Smoke Test Report</span></a>
</li>
<li class="m-r-10">
<a href="#"><span class="badge badge-primary">Jul 23, 2022 05:18:47 PM</span></a>
</li>
</ul>
</div>
</div><div class="side-nav">
<div class="side-nav-inner">
<ul class="side-nav-menu">
<li class="nav-item dropdown" onclick="toggleView('dashboard-view')">
<a id="nav-dashboard" class="dropdown-toggle" href="#">
<span class="ico"><i class="fa fa-bar-chart"></i></span>
</a>
</li>
<li class="nav-item dropdown" onclick="toggleView('test-view')">
<a id="nav-test" class="dropdown-toggle" href="#">
<span class="ico"><i class="fa fa-list"></i></span>
</a>
</li>
<li class="nav-item dropdown" onclick="toggleView('category-view')">
<a id="nav-category" class="dropdown-toggle" href="#">
<span class="ico"><i class="fa fa-tag"></i></span>
</a>
</li>
<li class="nav-item dropdown" onclick="toggleView('exception-view')">
<a id="nav-exception" class="dropdown-toggle" href="#">
<span class="ico"><i class="fa fa-bug"></i></span>
</a>
</li>
</ul>
</div>
</div>      <div class="vcontainer">
        <div class="main-content">
<div class="container-fluid p-4 view dashboard-view">
<div class="row">
<div class="col-md-3">
<div class="card"><div class="card-body">
<p class="m-b-0">Started</p>
<h3>Jul 23, 2022 05:18:47 PM</h3>
</div></div>
</div>
<div class="col-md-3">
<div class="card"><div class="card-body">
<p class="m-b-0">Ended</p>
<h3>Jul 23, 2022 05:22:25 PM</h3>
</div></div>
</div>
<div class="col-md-3">
<div class="card"><div class="card-body">
<p class="m-b-0 text-pass">Features Passed</p>
<h3>3</h3>
</div></div>
</div>
<div class="col-md-3">
<div class="card"><div class="card-body">
<p class="m-b-0 text-fail">Features Failed</p>
<h3>4</h3>
</div></div>
</div>
</div>
<div class="row">
<div class="col-md-4">
<div class="card">
<div class="card-header">
<h6 class="card-title">Features</h6>
</div>
<div class="card-body">
<div class="">
<canvas id='parent-analysis' width='115' height='90'></canvas>
</div>
</div>
<div class="card-footer">
<div><small data-tooltip='42%'>
<b>3</b> features passed
</small>
</div>
<div>
<small data-tooltip='57%'><b>4</b> features failed,
<b>0</b> skipped, <b data-tooltip='0%'>0</b> others
</small>
</div>
</div>
</div>
</div>
<div class="col-md-4">
<div class="card">
<div class="card-header">
<h6 class="card-title">Scenarios</h6>
</div>
<div class="card-body">
<div class="">
<canvas id='child-analysis' width='115' height='90'></canvas>
</div>
</div>
<div class="card-footer">
<div><small data-tooltip='66%'><b>18</b> scenarios passed</small></div>
<div>
<small data-tooltip='33%'><b>9</b> scenarios failed,
<b>0</b> skipped, <b data-tooltip='%'>0</b> others
</small>
</div>
</div>
</div>
</div>
<div class="col-md-4">
<div class="card">
<div class="card-header">
<h6 class="card-title">Steps</h6>
</div>
<div class="card-body">
<div class="">
<canvas id='grandchild-analysis' width='115' height='90'></canvas>
</div>
</div>
<div class="card-footer">
<div><small data-tooltip='67%'><b>97</b> steps passed</small></div>
<div>
<small data-tooltip='6%'><b>9</b> steps failed,
<b>37</b> skipped, <b data-tooltip='%'>0</b> others
</small>
</div>
</div>
</div>
</div>
</div>
<div class="row"><div class="col-md-12">
<div class="card"><div class="card-header"><p>Timeline</p></div>
<div class="card-body pt-0"><div>
<canvas id="timeline" height="120"></canvas>
</div></div>
</div>
</div></div>
<script>
var timeline = {
"US12300_parameterizing_feature_file_google_search":61.138,"day02_US12300_scenario_outline_1.feature":94.331,"customer_login":11.466,"admin_login":1.285,"FE35678_log_in_with_different_credentials":7.941,"First Feature File":36.809,"Verify Test Cases":3.192
};
</script>
<div class="row">
<div class="col-lg-6 col-md-12 category-container">
<div class="card">
<div class="card-header"><p>Tags</p></div>
<div class="card-body pb-0 pt-0"><table class="table table-sm table-bordered">
<thead><tr class="bg-gray"><th>Name</th><th>Passed</th><th>Failed</th><th>Skipped</th><th>Others</th><th>Passed %</th></tr></thead><tbody>
<tr>
<td>@regression</td>
<td>5</td>
<td>0</td>
<td>0</td>
<td>0</td>
<td>100%</td>
</tr>
<tr>
<td>@scenario_outline_1</td>
<td>10</td>
<td>0</td>
<td>0</td>
<td>0</td>
<td>100%</td>
</tr>
<tr>
<td>@test3</td>
<td>4</td>
<td>0</td>
<td>0</td>
<td>0</td>
<td>100%</td>
</tr>
<tr>
<td>@teapot_search</td>
<td>1</td>
<td>0</td>
<td>0</td>
<td>0</td>
<td>100%</td>
</tr>
<tr>
<td>@customer_login</td>
<td>0</td>
<td>5</td>
<td>0</td>
<td>0</td>
<td>0%</td>
</tr>
<tr>
<td>@admin_excel_login</td>
<td>0</td>
<td>1</td>
<td>0</td>
<td>0</td>
<td>0%</td>
</tr>
<tr>
<td>@parameterization1</td>
<td>5</td>
<td>0</td>
<td>0</td>
<td>0</td>
<td>100%</td>
</tr>
<tr>
<td>@test2</td>
<td>0</td>
<td>2</td>
<td>0</td>
<td>0</td>
<td>0%</td>
</tr>
<tr>
<td>@google_search</td>
<td>4</td>
<td>0</td>
<td>0</td>
<td>0</td>
<td>100%</td>
</tr>
<tr>
<td>@hooks_feature</td>
<td>0</td>
<td>1</td>
<td>0</td>
<td>0</td>
<td>0%</td>
</tr>
<tr>
<td>@customer_excel_login</td>
<td>0</td>
<td>1</td>
<td>0</td>
<td>0</td>
<td>0%</td>
</tr>
<tr>
<td>@admin_login</td>
<td>0</td>
<td>2</td>
<td>0</td>
<td>0</td>
<td>0%</td>
</tr>
<tr>
<td>@test1</td>
<td>10</td>
<td>0</td>
<td>0</td>
<td>0</td>
<td>100%</td>
</tr>
<tr>
<td>@excel_feature</td>
<td>0</td>
<td>2</td>
<td>0</td>
<td>0</td>
<td>0%</td>
</tr>
<tr>
<td>@smoke_test</td>
<td>2</td>
<td>0</td>
<td>0</td>
<td>0</td>
<td>100%</td>
</tr>
</tbody>
</table></div>
</div>
</div>
</div>
</div>
<script>
var statusGroup = {
parentCount: 5,
passParent: 3,
failParent: 4,
warningParent: 0,
skipParent: 0,
childCount: 5,
passChild: 18,
failChild: 9,
warningChild: 0,
skipChild: 0,
infoChild: 0,
grandChildCount: 5,
passGrandChild: 97,
failGrandChild: 9,
warningGrandChild: 0,
skipGrandChild: 37,
infoGrandChild: 0,
eventsCount: 5,
};
</script><div class="test-wrapper row view test-view">
  <div class="test-list">
    <div class="test-list-tools">
<ul class="tools pull-left">
<li><a href="#"><span class="font-size-14">Tests</span></a></li>
</ul>
<ul class="tools text-right">
<li class="dropdown">
<a href="#" class="dropdown-toggle" data-toggle="dropdown"><i class="fa fa-exclamation-circle"></i></a>
<ul id="status-toggle" class="dropdown-menu dropdown-md p-v-0">
<a class="dropdown-item" status="pass" href="#"><span>Pass</span><span class="status success"></span></a>
<a class="dropdown-item" status="fail" href="#"><span>Fail</span><span class="status danger"></span></a>
<div class="dropdown-divider"></div>
<a status="clear" class="dropdown-item" href="#"><span>Clear</span><span class="pull-right"><i class="fa fa-close"></i></span></a>
</ul>
</li>
<li class="dropdown">
<a href="#" class="dropdown-toggle" data-toggle="dropdown"><i class="fa fa-tag"></i></a>
<ul id="tag-toggle" class="dropdown-menu dropdown-md p-v-0">
<a class="dropdown-item" href="#">@regression</a><a class="dropdown-item" href="#">@scenario_outline_1</a><a class="dropdown-item" href="#">@test3</a><a class="dropdown-item" href="#">@teapot_search</a><a class="dropdown-item" href="#">@customer_login</a><a class="dropdown-item" href="#">@admin_excel_login</a><a class="dropdown-item" href="#">@parameterization1</a><a class="dropdown-item" href="#">@test2</a><a class="dropdown-item" href="#">@google_search</a><a class="dropdown-item" href="#">@hooks_feature</a><a class="dropdown-item" href="#">@customer_excel_login</a><a class="dropdown-item" href="#">@admin_login</a><a class="dropdown-item" href="#">@test1</a><a class="dropdown-item" href="#">@excel_feature</a><a class="dropdown-item" href="#">@smoke_test</a>
</ul>
</li>
</ul>
</div>    <div class="test-list-wrapper scrollable">
      <ul class="test-list-item">
        <li class="test-item"  status="pass" test-id="1"
          author=""
          tag=""
          device="">
          <div class="test-detail">
            <p class="name">US12300_parameterizing_feature_file_google_search</p>
            <p class="text-sm">
              <span>5:18:50 PM</span> / <span>00:01:01:138</span>
              <span class="badge pass-bg log float-right">Pass</span>
            </p>
          </div>
          <div class="test-contents d-none">
<div class="detail-head">
<div class="p-v-10">
<div class="info">
<h5 class="test-status text-pass">US12300_parameterizing_feature_file_google_search</h5>
<span class='badge badge-success'>07.23.2022 5:18:50 PM</span>
<span class='badge badge-danger'>07.23.2022 5:19:51 PM</span>
<span class='badge badge-default'>00:01:01:138</span>
&middot; <span class='uri-anchor badge badge-default'>#test-id=1</span>
<span class='badge badge-default pointer float-right ml-1 et'><i class="fa fa-chevron-down"></i></span>
<span class='badge badge-default pointer float-right ct'><i class="fa fa-chevron-up"></i></span>
</div>
<div class="m-t-10 m-l-5"></div>
</div>
</div>
<div class="accordion mt-4">
  <div class="card">
    <div class="card-header" role="tab">
      <div class="card-title">
        <div class="node" id="2"><span class="badge log pass-bg mr-2">Pass</span>TC01_mercedes_Search</div>
      </div>
    </div>
        <div class="collapse">
          <div class="card-body">
              <div class="step pass-bg" title="stepdefinitions.GoogleStepDefs.user_is_on_the_google_page()">
                <span>Given user is on the google page</span>
      <div>
      </div>
              </div>
              <div class="step pass-bg" title="stepdefinitions.ParameterizationStepDefs.user_search_for_on_google(java.lang.String)">
                <span>When user search for "mercedes" on google</span>
      <div>
      </div>
              </div>
              <div class="step pass-bg" title="stepdefinitions.ParameterizationStepDefs.verify_the_page_title_contains(java.lang.String)">
                <span>Then verify the page title contains "mercedes"</span>
      <div>
      </div>
              </div>
              <div class="step pass-bg" title="stepdefinitions.GoogleStepDefs.close_the_application()">
                <span>And close the application</span>
      <div>
      </div>
              </div>
          </div>
        </div>
  </div>
  <div class="card">
    <div class="card-header" role="tab">
      <div class="card-title">
        <div class="node" id="8"><span class="badge log pass-bg mr-2">Pass</span>TC02_tesla_Search</div>
      </div>
    </div>
        <div class="collapse">
          <div class="card-body">
              <div class="step pass-bg" title="stepdefinitions.GoogleStepDefs.user_is_on_the_google_page()">
                <span>Given user is on the google page</span>
      <div>
      </div>
              </div>
              <div class="step pass-bg" title="stepdefinitions.ParameterizationStepDefs.user_search_for_on_google(java.lang.String)">
                <span>When user search for "tesla" on google</span>
      <div>
      </div>
              </div>
              <div class="step pass-bg" title="stepdefinitions.ParameterizationStepDefs.verify_the_page_title_contains(java.lang.String)">
                <span>Then verify the page title contains "tesla"</span>
      <div>
      </div>
              </div>
              <div class="step pass-bg" title="stepdefinitions.GoogleStepDefs.close_the_application()">
                <span>And close the application</span>
      <div>
      </div>
              </div>
          </div>
        </div>
  </div>
  <div class="card">
    <div class="card-header" role="tab">
      <div class="card-title">
        <div class="node" id="14"><span class="badge log pass-bg mr-2">Pass</span>TC03_lexus_Search</div>
      </div>
    </div>
        <div class="collapse">
          <div class="card-body">
              <div class="step pass-bg" title="stepdefinitions.GoogleStepDefs.user_is_on_the_google_page()">
                <span>Given user is on the google page</span>
      <div>
      </div>
              </div>
              <div class="step pass-bg" title="stepdefinitions.ParameterizationStepDefs.user_search_for_on_google(java.lang.String)">
                <span>When user search for "lexus" on google</span>
      <div>
      </div>
              </div>
              <div class="step pass-bg" title="stepdefinitions.ParameterizationStepDefs.verify_the_page_title_contains(java.lang.String)">
                <span>Then verify the page title contains "lexus"</span>
      <div>
      </div>
              </div>
              <div class="step pass-bg" title="stepdefinitions.GoogleStepDefs.close_the_application()">
                <span>And close the application</span>
      <div>
      </div>
              </div>
          </div>
        </div>
  </div>
  <div class="card">
    <div class="card-header" role="tab">
      <div class="card-title">
        <div class="node" id="20"><span class="badge log pass-bg mr-2">Pass</span>TC04_toros_Search</div>
      </div>
    </div>
        <div class="collapse">
          <div class="card-body">
              <div class="step pass-bg" title="stepdefinitions.GoogleStepDefs.user_is_on_the_google_page()">
                <span>Given user is on the google page</span>
      <div>
      </div>
              </div>
              <div class="step pass-bg" title="stepdefinitions.ParameterizationStepDefs.user_search_for_on_google(java.lang.String)">
                <span>When user search for "toros" on google</span>
      <div>
      </div>
              </div>
              <div class="step pass-bg" title="stepdefinitions.ParameterizationStepDefs.verify_the_page_title_contains(java.lang.String)">
                <span>Then verify the page title contains "toros"</span>
      <div>
      </div>
              </div>
              <div class="step pass-bg" title="stepdefinitions.GoogleStepDefs.close_the_application()">
                <span>And close the application</span>
      <div>
      </div>
              </div>
          </div>
        </div>
  </div>
  <div class="card">
    <div class="card-header" role="tab">
      <div class="card-title">
        <div class="node" id="26"><span class="badge log pass-bg mr-2">Pass</span>TC05_broadway_Search</div>
      </div>
    </div>
        <div class="collapse">
          <div class="card-body">
              <div class="step pass-bg" title="stepdefinitions.GoogleStepDefs.user_is_on_the_google_page()">
                <span>Given user is on the google page</span>
      <div>
      </div>
              </div>
              <div class="step pass-bg" title="stepdefinitions.ParameterizationStepDefs.user_search_for_on_google(java.lang.String)">
                <span>When user search for "broadway" on google</span>
      <div>
      </div>
              </div>
              <div class="step pass-bg" title="stepdefinitions.ParameterizationStepDefs.verify_the_page_title_contains(java.lang.String)">
                <span>Then verify the page title contains "broadway"</span>
      <div>
      </div>
              </div>
              <div class="step pass-bg" title="stepdefinitions.GoogleStepDefs.close_the_application()">
                <span>And close the application</span>
      <div>
      </div>
              </div>
          </div>
        </div>
  </div>
</div>
          </div>
        </li>
        <li class="test-item"  status="pass" test-id="32"
          author=""
          tag=""
          device="">
          <div class="test-detail">
            <p class="name">day02_US12300_scenario_outline_1.feature</p>
            <p class="text-sm">
              <span>5:19:51 PM</span> / <span>00:01:34:331</span>
              <span class="badge pass-bg log float-right">Pass</span>
            </p>
          </div>
          <div class="test-contents d-none">
<div class="detail-head">
<div class="p-v-10">
<div class="info">
<h5 class="test-status text-pass">day02_US12300_scenario_outline_1.feature</h5>
<span class='badge badge-success'>07.23.2022 5:19:51 PM</span>
<span class='badge badge-danger'>07.23.2022 5:21:25 PM</span>
<span class='badge badge-default'>00:01:34:331</span>
&middot; <span class='uri-anchor badge badge-default'>#test-id=32</span>
<span class='badge badge-default pointer float-right ml-1 et'><i class="fa fa-chevron-down"></i></span>
<span class='badge badge-default pointer float-right ct'><i class="fa fa-chevron-up"></i></span>
</div>
<div class="m-t-10 m-l-5"></div>
</div>
</div>
<div class="accordion mt-4">
  <div class="card">
    <div class="card-header" role="tab">
      <div class="card-title">
        <div class="node" id="33"><span class="badge log pass-bg mr-2">Pass</span>TC_Google_Search_Test</div>
      </div>
    </div>
        <div class="scenario_outline collapse">
            <div class="card-body l1">
              <div class="card-header">
                <div class="card-title outline-child">
                  <div class="node" id="34"><span class="badge log pass-bg mr-2">Pass</span>TC_Google_Search_Test</div>
                </div>
              </div>
              <div class="card-body mt-3 collapse">
                  <div class="step pass-bg">
                    <span>Given user is on the google page</span>
      <div>
      </div>
                  </div>
                  <div class="step pass-bg">
                    <span>When user search for "mercedes" on google</span>
      <div>
      </div>
                  </div>
                  <div class="step pass-bg">
                    <span>Then verify the page title contains "mercedes"</span>
      <div>
      </div>
                  </div>
                  <div class="step pass-bg">
                    <span>Then capture the screenshot</span>
      <div>
      </div>
                  </div>
                  <div class="step pass-bg">
                    <span>Then close the application</span>
      <div>
      </div>
                  </div>
              </div>
            </div>
            <div class="card-body l1">
              <div class="card-header">
                <div class="card-title outline-child">
                  <div class="node" id="41"><span class="badge log pass-bg mr-2">Pass</span>TC_Google_Search_Test</div>
                </div>
              </div>
              <div class="card-body mt-3 collapse">
                  <div class="step pass-bg">
                    <span>Given user is on the google page</span>
      <div>
      </div>
                  </div>
                  <div class="step pass-bg">
                    <span>When user search for "tesla" on google</span>
      <div>
      </div>
                  </div>
                  <div class="step pass-bg">
                    <span>Then verify the page title contains "tesla"</span>
      <div>
      </div>
                  </div>
                  <div class="step pass-bg">
                    <span>Then capture the screenshot</span>
      <div>
      </div>
                  </div>
                  <div class="step pass-bg">
                    <span>Then close the application</span>
      <div>
      </div>
                  </div>
              </div>
            </div>
            <div class="card-body l1">
              <div class="card-header">
                <div class="card-title outline-child">
                  <div class="node" id="48"><span class="badge log pass-bg mr-2">Pass</span>TC_Google_Search_Test</div>
                </div>
              </div>
              <div class="card-body mt-3 collapse">
                  <div class="step pass-bg">
                    <span>Given user is on the google page</span>
      <div>
      </div>
                  </div>
                  <div class="step pass-bg">
                    <span>When user search for "lexus" on google</span>
      <div>
      </div>
                  </div>
                  <div class="step pass-bg">
                    <span>Then verify the page title contains "lexus"</span>
      <div>
      </div>
                  </div>
                  <div class="step pass-bg">
                    <span>Then capture the screenshot</span>
      <div>
      </div>
                  </div>
                  <div class="step pass-bg">
                    <span>Then close the application</span>
      <div>
      </div>
                  </div>
              </div>
            </div>
            <div class="card-body l1">
              <div class="card-header">
                <div class="card-title outline-child">
                  <div class="node" id="55"><span class="badge log pass-bg mr-2">Pass</span>TC_Google_Search_Test</div>
                </div>
              </div>
              <div class="card-body mt-3 collapse">
                  <div class="step pass-bg">
                    <span>Given user is on the google page</span>
      <div>
      </div>
                  </div>
                  <div class="step pass-bg">
                    <span>When user search for "bmw" on google</span>
      <div>
      </div>
                  </div>
                  <div class="step pass-bg">
                    <span>Then verify the page title contains "bmw"</span>
      <div>
      </div>
                  </div>
                  <div class="step pass-bg">
                    <span>Then capture the screenshot</span>
      <div>
      </div>
                  </div>
                  <div class="step pass-bg">
                    <span>Then close the application</span>
      <div>
      </div>
                  </div>
              </div>
            </div>
            <div class="card-body l1">
              <div class="card-header">
                <div class="card-title outline-child">
                  <div class="node" id="62"><span class="badge log pass-bg mr-2">Pass</span>TC_Google_Search_Test</div>
                </div>
              </div>
              <div class="card-body mt-3 collapse">
                  <div class="step pass-bg">
                    <span>Given user is on the google page</span>
      <div>
      </div>
                  </div>
                  <div class="step pass-bg">
                    <span>When user search for "apple" on google</span>
      <div>
      </div>
                  </div>
                  <div class="step pass-bg">
                    <span>Then verify the page title contains "apple"</span>
      <div>
      </div>
                  </div>
                  <div class="step pass-bg">
                    <span>Then capture the screenshot</span>
      <div>
      </div>
                  </div>
                  <div class="step pass-bg">
                    <span>Then close the application</span>
      <div>
      </div>
                  </div>
              </div>
            </div>
            <div class="card-body l1">
              <div class="card-header">
                <div class="card-title outline-child">
                  <div class="node" id="69"><span class="badge log pass-bg mr-2">Pass</span>TC_Google_Search_Test</div>
                </div>
              </div>
              <div class="card-body mt-3 collapse">
                  <div class="step pass-bg">
                    <span>Given user is on the google page</span>
      <div>
      </div>
                  </div>
                  <div class="step pass-bg">
                    <span>When user search for "orange" on google</span>
      <div>
      </div>
                  </div>
                  <div class="step pass-bg">
                    <span>Then verify the page title contains "orange"</span>
      <div>
      </div>
                  </div>
                  <div class="step pass-bg">
                    <span>Then capture the screenshot</span>
      <div>
      </div>
                  </div>
                  <div class="step pass-bg">
                    <span>Then close the application</span>
      <div>
      </div>
                  </div>
              </div>
            </div>
            <div class="card-body l1">
              <div class="card-header">
                <div class="card-title outline-child">
                  <div class="node" id="76"><span class="badge log pass-bg mr-2">Pass</span>TC_Google_Search_Test</div>
                </div>
              </div>
              <div class="card-body mt-3 collapse">
                  <div class="step pass-bg">
                    <span>Given user is on the google page</span>
      <div>
      </div>
                  </div>
                  <div class="step pass-bg">
                    <span>When user search for "capitals" on google</span>
      <div>
      </div>
                  </div>
                  <div class="step pass-bg">
                    <span>Then verify the page title contains "capitals"</span>
      <div>
      </div>
                  </div>
                  <div class="step pass-bg">
                    <span>Then capture the screenshot</span>
      <div>
      </div>
                  </div>
                  <div class="step pass-bg">
                    <span>Then close the application</span>
      <div>
      </div>
                  </div>
              </div>
            </div>
            <div class="card-body l1">
              <div class="card-header">
                <div class="card-title outline-child">
                  <div class="node" id="83"><span class="badge log pass-bg mr-2">Pass</span>TC_Google_Search_Test</div>
                </div>
              </div>
              <div class="card-body mt-3 collapse">
                  <div class="step pass-bg">
                    <span>Given user is on the google page</span>
      <div>
      </div>
                  </div>
                  <div class="step pass-bg">
                    <span>When user search for "vacation" on google</span>
      <div>
      </div>
                  </div>
                  <div class="step pass-bg">
                    <span>Then verify the page title contains "vacation"</span>
      <div>
      </div>
                  </div>
                  <div class="step pass-bg">
                    <span>Then capture the screenshot</span>
      <div>
      </div>
                  </div>
                  <div class="step pass-bg">
                    <span>Then close the application</span>
      <div>
      </div>
                  </div>
              </div>
            </div>
            <div class="card-body l1">
              <div class="card-header">
                <div class="card-title outline-child">
                  <div class="node" id="90"><span class="badge log pass-bg mr-2">Pass</span>TC_Google_Search_Test</div>
                </div>
              </div>
              <div class="card-body mt-3 collapse">
                  <div class="step pass-bg">
                    <span>Given user is on the google page</span>
      <div>
      </div>
                  </div>
                  <div class="step pass-bg">
                    <span>When user search for "best places to live" on google</span>
      <div>
      </div>
                  </div>
                  <div class="step pass-bg">
                    <span>Then verify the page title contains "best places to live"</span>
      <div>
      </div>
                  </div>
                  <div class="step pass-bg">
                    <span>Then capture the screenshot</span>
      <div>
      </div>
                  </div>
                  <div class="step pass-bg">
                    <span>Then close the application</span>
      <div>
      </div>
                  </div>
              </div>
            </div>
        </div>
  </div>
</div>
          </div>
        </li>
        <li class="test-item"  status="fail" test-id="97"
          author=""
          tag=""
          device="">
          <div class="test-detail">
            <p class="name">customer_login</p>
            <p class="text-sm">
              <span>5:21:25 PM</span> / <span>00:00:11:466</span>
              <span class="badge fail-bg log float-right">Fail</span>
            </p>
          </div>
          <div class="test-contents d-none">
<div class="detail-head">
<div class="p-v-10">
<div class="info">
<h5 class="test-status text-fail">customer_login</h5>
<span class='badge badge-success'>07.23.2022 5:21:25 PM</span>
<span class='badge badge-danger'>07.23.2022 5:21:37 PM</span>
<span class='badge badge-default'>00:00:11:466</span>
&middot; <span class='uri-anchor badge badge-default'>#test-id=97</span>
<span class='badge badge-default pointer float-right ml-1 et'><i class="fa fa-chevron-down"></i></span>
<span class='badge badge-default pointer float-right ct'><i class="fa fa-chevron-up"></i></span>
</div>
<div class="m-t-10 m-l-5"></div>
</div>
</div>
<div class="accordion mt-4">
  <div class="card">
    <div class="card-header" role="tab">
      <div class="card-title">
        <div class="node" id="98"><span class="badge log fail-bg mr-2">Fail</span>login_customer_profile_testing</div>
          <div class="status-avatar float-right mr-4">
            <i class="fa fa-paperclip"></i>
          </div>
      </div>
    </div>
        <div class="scenario_outline ">
            <div class="card-body l1">
              <div class="card-header">
                <div class="card-title outline-child">
                  <div class="node" id="99"><span class="badge log fail-bg mr-2">Fail</span>login_customer_profile_testing</div>
                    <div class="status-avatar float-right">
                      <i class="fa fa-paperclip"></i>
                    </div>
                </div>
              </div>
              <div class="card-body mt-3 ">
                  <div class="step pass-bg">
                    <span>Given user is on the login page</span>
      <div>
      </div>
                  </div>
                  <div class="step fail-bg">
                    <span>And user login dropdown</span>
      <div>
        <textarea disabled class="code-block">org.openqa.selenium.NoSuchElementException: no such element: Unable to locate element: {"method":"partial link text","selector":"Login"}
  (Session info: chrome=103.0.5060.134)
For documentation on this error, please visit: https://selenium.dev/exceptions/#no_such_element
Build info: version: '4.1.4', revision: '535d840ee2'
System info: host: 'DESKTOP-1BMK8KS', ip: '192.168.1.180', os.name: 'Windows 10', os.arch: 'amd64', os.version: '10.0', java.version: '11.0.13'
Driver info: org.openqa.selenium.chrome.ChromeDriver
Command: [5ed7d6b5761ac43609ceebd03d3c8a58, findElement {using=partial link text, value=Login}]
Capabilities {acceptInsecureCerts: false, browserName: chrome, browserVersion: 103.0.5060.134, chrome: {chromedriverVersion: 103.0.5060.134 (8ec6fce403b..., userDataDir: C:\Users\infoe\AppData\Loca...}, goog:chromeOptions: {debuggerAddress: localhost:49789}, javascriptEnabled: true, networkConnectionEnabled: false, pageLoadStrategy: normal, platform: WINDOWS, platformName: WINDOWS, proxy: Proxy(), se:cdp: ws://localhost:49789/devtoo..., se:cdpVersion: 103.0.5060.134, setWindowRect: true, strictFileInteractability: false, timeouts: {implicit: 0, pageLoad: 300000, script: 30000}, unhandledPromptBehavior: dismiss and notify, webauthn:extension:credBlob: true, webauthn:extension:largeBlob: true, webauthn:virtualAuthenticators: true}
Session ID: 5ed7d6b5761ac43609ceebd03d3c8a58
	at java.base/jdk.internal.reflect.NativeConstructorAccessorImpl.newInstance0(Native Method)
	at java.base/jdk.internal.reflect.NativeConstructorAccessorImpl.newInstance(NativeConstructorAccessorImpl.java:62)
	at java.base/jdk.internal.reflect.DelegatingConstructorAccessorImpl.newInstance(DelegatingConstructorAccessorImpl.java:45)
	at java.base/java.lang.reflect.Constructor.newInstance(Constructor.java:490)
	at org.openqa.selenium.remote.codec.w3c.W3CHttpResponseCodec.createException(W3CHttpResponseCodec.java:200)
	at org.openqa.selenium.remote.codec.w3c.W3CHttpResponseCodec.decode(W3CHttpResponseCodec.java:133)
	at org.openqa.selenium.remote.codec.w3c.W3CHttpResponseCodec.decode(W3CHttpResponseCodec.java:53)
	at org.openqa.selenium.remote.HttpCommandExecutor.execute(HttpCommandExecutor.java:184)
	at org.openqa.selenium.remote.service.DriverCommandExecutor.invokeExecute(DriverCommandExecutor.java:167)
	at org.openqa.selenium.remote.service.DriverCommandExecutor.execute(DriverCommandExecutor.java:142)
	at org.openqa.selenium.remote.RemoteWebDriver.execute(RemoteWebDriver.java:567)
	at org.openqa.selenium.remote.ElementLocation$ElementFinder$2.findElement(ElementLocation.java:162)
	at org.openqa.selenium.remote.ElementLocation.findElement(ElementLocation.java:60)
	at org.openqa.selenium.remote.RemoteWebDriver.findElement(RemoteWebDriver.java:385)
	at org.openqa.selenium.remote.RemoteWebDriver.findElement(RemoteWebDriver.java:377)
	at org.openqa.selenium.support.pagefactory.DefaultElementLocator.findElement(DefaultElementLocator.java:70)
	at org.openqa.selenium.support.pagefactory.internal.LocatingElementHandler.invoke(LocatingElementHandler.java:39)
	at com.sun.proxy.$Proxy25.click(Unknown Source)
	at stepdefinitions.LoginStepDefs.user_login_dropdown(LoginStepDefs.java:27)
	at ✽.user login dropdown(file:///D:/TechProEdu/Projects/mycucumberproject/./src/test/resources/features/day02_US12302_customer_login.feature:6)
</textarea>
      
      </div>
                  </div>
                  <div class="step skip-bg">
                    <span>And user sends username "customer@bluerentalcars.com"</span>
      <div>Step skipped
      </div>
                  </div>
                  <div class="step skip-bg">
                    <span>And user sends password "12345"</span>
      <div>Step skipped
      </div>
                  </div>
                  <div class="step skip-bg">
                    <span>When user clicks on login button</span>
      <div>Step skipped
      </div>
                  </div>
                  <div class="step skip-bg">
                    <span>Then capture the screenshot</span>
      <div>Step skipped
      </div>
                  </div>
                  <div class="step skip-bg">
                    <span>Then close the application</span>
      <div>Step skipped
      </div>
                  </div>
                  <div class="step pass-bg">
                    <span>hooks.Hooks.tearDown(io.cucumber.java.Scenario)</span>
      <div>screenshots
          <div class="row mb-3"><div class="col-md-3">
<img data-featherlight='../embedded1.png' src="../embedded1.png">
    
    </div></div>
</div>
      <div>
      </div>
                  </div>
              </div>
            </div>
            <div class="card-body l1">
              <div class="card-header">
                <div class="card-title outline-child">
                  <div class="node" id="108"><span class="badge log fail-bg mr-2">Fail</span>login_customer_profile_testing</div>
                    <div class="status-avatar float-right">
                      <i class="fa fa-paperclip"></i>
                    </div>
                </div>
              </div>
              <div class="card-body mt-3 ">
                  <div class="step pass-bg">
                    <span>Given user is on the login page</span>
      <div>
      </div>
                  </div>
                  <div class="step fail-bg">
                    <span>And user login dropdown</span>
      <div>
        <textarea disabled class="code-block">org.openqa.selenium.NoSuchElementException: no such element: Unable to locate element: {"method":"partial link text","selector":"Login"}
  (Session info: chrome=103.0.5060.134)
For documentation on this error, please visit: https://selenium.dev/exceptions/#no_such_element
Build info: version: '4.1.4', revision: '535d840ee2'
System info: host: 'DESKTOP-1BMK8KS', ip: '192.168.1.180', os.name: 'Windows 10', os.arch: 'amd64', os.version: '10.0', java.version: '11.0.13'
Driver info: org.openqa.selenium.chrome.ChromeDriver
Command: [5ed7d6b5761ac43609ceebd03d3c8a58, findElement {using=partial link text, value=Login}]
Capabilities {acceptInsecureCerts: false, browserName: chrome, browserVersion: 103.0.5060.134, chrome: {chromedriverVersion: 103.0.5060.134 (8ec6fce403b..., userDataDir: C:\Users\infoe\AppData\Loca...}, goog:chromeOptions: {debuggerAddress: localhost:49789}, javascriptEnabled: true, networkConnectionEnabled: false, pageLoadStrategy: normal, platform: WINDOWS, platformName: WINDOWS, proxy: Proxy(), se:cdp: ws://localhost:49789/devtoo..., se:cdpVersion: 103.0.5060.134, setWindowRect: true, strictFileInteractability: false, timeouts: {implicit: 0, pageLoad: 300000, script: 30000}, unhandledPromptBehavior: dismiss and notify, webauthn:extension:credBlob: true, webauthn:extension:largeBlob: true, webauthn:virtualAuthenticators: true}
Session ID: 5ed7d6b5761ac43609ceebd03d3c8a58
	at java.base/jdk.internal.reflect.NativeConstructorAccessorImpl.newInstance0(Native Method)
	at java.base/jdk.internal.reflect.NativeConstructorAccessorImpl.newInstance(NativeConstructorAccessorImpl.java:62)
	at java.base/jdk.internal.reflect.DelegatingConstructorAccessorImpl.newInstance(DelegatingConstructorAccessorImpl.java:45)
	at java.base/java.lang.reflect.Constructor.newInstance(Constructor.java:490)
	at org.openqa.selenium.remote.codec.w3c.W3CHttpResponseCodec.createException(W3CHttpResponseCodec.java:200)
	at org.openqa.selenium.remote.codec.w3c.W3CHttpResponseCodec.decode(W3CHttpResponseCodec.java:133)
	at org.openqa.selenium.remote.codec.w3c.W3CHttpResponseCodec.decode(W3CHttpResponseCodec.java:53)
	at org.openqa.selenium.remote.HttpCommandExecutor.execute(HttpCommandExecutor.java:184)
	at org.openqa.selenium.remote.service.DriverCommandExecutor.invokeExecute(DriverCommandExecutor.java:167)
	at org.openqa.selenium.remote.service.DriverCommandExecutor.execute(DriverCommandExecutor.java:142)
	at org.openqa.selenium.remote.RemoteWebDriver.execute(RemoteWebDriver.java:567)
	at org.openqa.selenium.remote.ElementLocation$ElementFinder$2.findElement(ElementLocation.java:162)
	at org.openqa.selenium.remote.ElementLocation.findElement(ElementLocation.java:60)
	at org.openqa.selenium.remote.RemoteWebDriver.findElement(RemoteWebDriver.java:385)
	at org.openqa.selenium.remote.RemoteWebDriver.findElement(RemoteWebDriver.java:377)
	at org.openqa.selenium.support.pagefactory.DefaultElementLocator.findElement(DefaultElementLocator.java:70)
	at org.openqa.selenium.support.pagefactory.internal.LocatingElementHandler.invoke(LocatingElementHandler.java:39)
	at com.sun.proxy.$Proxy25.click(Unknown Source)
	at stepdefinitions.LoginStepDefs.user_login_dropdown(LoginStepDefs.java:27)
	at ✽.user login dropdown(file:///D:/TechProEdu/Projects/mycucumberproject/./src/test/resources/features/day02_US12302_customer_login.feature:6)
</textarea>
      
      </div>
                  </div>
                  <div class="step skip-bg">
                    <span>And user sends username "customer1@bluerentalcars.com"</span>
      <div>Step skipped
      </div>
                  </div>
                  <div class="step skip-bg">
                    <span>And user sends password "12346"</span>
      <div>Step skipped
      </div>
                  </div>
                  <div class="step skip-bg">
                    <span>When user clicks on login button</span>
      <div>Step skipped
      </div>
                  </div>
                  <div class="step skip-bg">
                    <span>Then capture the screenshot</span>
      <div>Step skipped
      </div>
                  </div>
                  <div class="step skip-bg">
                    <span>Then close the application</span>
      <div>Step skipped
      </div>
                  </div>
                  <div class="step pass-bg">
                    <span>hooks.Hooks.tearDown(io.cucumber.java.Scenario)</span>
      <div>screenshots
          <div class="row mb-3"><div class="col-md-3">
<img data-featherlight='../embedded2.png' src="../embedded2.png">
    
    </div></div>
</div>
      <div>
      </div>
                  </div>
              </div>
            </div>
            <div class="card-body l1">
              <div class="card-header">
                <div class="card-title outline-child">
                  <div class="node" id="117"><span class="badge log fail-bg mr-2">Fail</span>login_customer_profile_testing</div>
                    <div class="status-avatar float-right">
                      <i class="fa fa-paperclip"></i>
                    </div>
                </div>
              </div>
              <div class="card-body mt-3 ">
                  <div class="step pass-bg">
                    <span>Given user is on the login page</span>
      <div>
      </div>
                  </div>
                  <div class="step fail-bg">
                    <span>And user login dropdown</span>
      <div>
        <textarea disabled class="code-block">org.openqa.selenium.NoSuchElementException: no such element: Unable to locate element: {"method":"partial link text","selector":"Login"}
  (Session info: chrome=103.0.5060.134)
For documentation on this error, please visit: https://selenium.dev/exceptions/#no_such_element
Build info: version: '4.1.4', revision: '535d840ee2'
System info: host: 'DESKTOP-1BMK8KS', ip: '192.168.1.180', os.name: 'Windows 10', os.arch: 'amd64', os.version: '10.0', java.version: '11.0.13'
Driver info: org.openqa.selenium.chrome.ChromeDriver
Command: [5ed7d6b5761ac43609ceebd03d3c8a58, findElement {using=partial link text, value=Login}]
Capabilities {acceptInsecureCerts: false, browserName: chrome, browserVersion: 103.0.5060.134, chrome: {chromedriverVersion: 103.0.5060.134 (8ec6fce403b..., userDataDir: C:\Users\infoe\AppData\Loca...}, goog:chromeOptions: {debuggerAddress: localhost:49789}, javascriptEnabled: true, networkConnectionEnabled: false, pageLoadStrategy: normal, platform: WINDOWS, platformName: WINDOWS, proxy: Proxy(), se:cdp: ws://localhost:49789/devtoo..., se:cdpVersion: 103.0.5060.134, setWindowRect: true, strictFileInteractability: false, timeouts: {implicit: 0, pageLoad: 300000, script: 30000}, unhandledPromptBehavior: dismiss and notify, webauthn:extension:credBlob: true, webauthn:extension:largeBlob: true, webauthn:virtualAuthenticators: true}
Session ID: 5ed7d6b5761ac43609ceebd03d3c8a58
	at java.base/jdk.internal.reflect.NativeConstructorAccessorImpl.newInstance0(Native Method)
	at java.base/jdk.internal.reflect.NativeConstructorAccessorImpl.newInstance(NativeConstructorAccessorImpl.java:62)
	at java.base/jdk.internal.reflect.DelegatingConstructorAccessorImpl.newInstance(DelegatingConstructorAccessorImpl.java:45)
	at java.base/java.lang.reflect.Constructor.newInstance(Constructor.java:490)
	at org.openqa.selenium.remote.codec.w3c.W3CHttpResponseCodec.createException(W3CHttpResponseCodec.java:200)
	at org.openqa.selenium.remote.codec.w3c.W3CHttpResponseCodec.decode(W3CHttpResponseCodec.java:133)
	at org.openqa.selenium.remote.codec.w3c.W3CHttpResponseCodec.decode(W3CHttpResponseCodec.java:53)
	at org.openqa.selenium.remote.HttpCommandExecutor.execute(HttpCommandExecutor.java:184)
	at org.openqa.selenium.remote.service.DriverCommandExecutor.invokeExecute(DriverCommandExecutor.java:167)
	at org.openqa.selenium.remote.service.DriverCommandExecutor.execute(DriverCommandExecutor.java:142)
	at org.openqa.selenium.remote.RemoteWebDriver.execute(RemoteWebDriver.java:567)
	at org.openqa.selenium.remote.ElementLocation$ElementFinder$2.findElement(ElementLocation.java:162)
	at org.openqa.selenium.remote.ElementLocation.findElement(ElementLocation.java:60)
	at org.openqa.selenium.remote.RemoteWebDriver.findElement(RemoteWebDriver.java:385)
	at org.openqa.selenium.remote.RemoteWebDriver.findElement(RemoteWebDriver.java:377)
	at org.openqa.selenium.support.pagefactory.DefaultElementLocator.findElement(DefaultElementLocator.java:70)
	at org.openqa.selenium.support.pagefactory.internal.LocatingElementHandler.invoke(LocatingElementHandler.java:39)
	at com.sun.proxy.$Proxy25.click(Unknown Source)
	at stepdefinitions.LoginStepDefs.user_login_dropdown(LoginStepDefs.java:27)
	at ✽.user login dropdown(file:///D:/TechProEdu/Projects/mycucumberproject/./src/test/resources/features/day02_US12302_customer_login.feature:6)
</textarea>
      
      </div>
                  </div>
                  <div class="step skip-bg">
                    <span>And user sends username "customer2@bluerentalcars.com"</span>
      <div>Step skipped
      </div>
                  </div>
                  <div class="step skip-bg">
                    <span>And user sends password "12347"</span>
      <div>Step skipped
      </div>
                  </div>
                  <div class="step skip-bg">
                    <span>When user clicks on login button</span>
      <div>Step skipped
      </div>
                  </div>
                  <div class="step skip-bg">
                    <span>Then capture the screenshot</span>
      <div>Step skipped
      </div>
                  </div>
                  <div class="step skip-bg">
                    <span>Then close the application</span>
      <div>Step skipped
      </div>
                  </div>
                  <div class="step pass-bg">
                    <span>hooks.Hooks.tearDown(io.cucumber.java.Scenario)</span>
      <div>screenshots
          <div class="row mb-3"><div class="col-md-3">
<img data-featherlight='../embedded3.png' src="../embedded3.png">
    
    </div></div>
</div>
      <div>
      </div>
                  </div>
              </div>
            </div>
            <div class="card-body l1">
              <div class="card-header">
                <div class="card-title outline-child">
                  <div class="node" id="126"><span class="badge log fail-bg mr-2">Fail</span>login_customer_profile_testing</div>
                    <div class="status-avatar float-right">
                      <i class="fa fa-paperclip"></i>
                    </div>
                </div>
              </div>
              <div class="card-body mt-3 ">
                  <div class="step pass-bg">
                    <span>Given user is on the login page</span>
      <div>
      </div>
                  </div>
                  <div class="step fail-bg">
                    <span>And user login dropdown</span>
      <div>
        <textarea disabled class="code-block">org.openqa.selenium.NoSuchElementException: no such element: Unable to locate element: {"method":"partial link text","selector":"Login"}
  (Session info: chrome=103.0.5060.134)
For documentation on this error, please visit: https://selenium.dev/exceptions/#no_such_element
Build info: version: '4.1.4', revision: '535d840ee2'
System info: host: 'DESKTOP-1BMK8KS', ip: '192.168.1.180', os.name: 'Windows 10', os.arch: 'amd64', os.version: '10.0', java.version: '11.0.13'
Driver info: org.openqa.selenium.chrome.ChromeDriver
Command: [5ed7d6b5761ac43609ceebd03d3c8a58, findElement {using=partial link text, value=Login}]
Capabilities {acceptInsecureCerts: false, browserName: chrome, browserVersion: 103.0.5060.134, chrome: {chromedriverVersion: 103.0.5060.134 (8ec6fce403b..., userDataDir: C:\Users\infoe\AppData\Loca...}, goog:chromeOptions: {debuggerAddress: localhost:49789}, javascriptEnabled: true, networkConnectionEnabled: false, pageLoadStrategy: normal, platform: WINDOWS, platformName: WINDOWS, proxy: Proxy(), se:cdp: ws://localhost:49789/devtoo..., se:cdpVersion: 103.0.5060.134, setWindowRect: true, strictFileInteractability: false, timeouts: {implicit: 0, pageLoad: 300000, script: 30000}, unhandledPromptBehavior: dismiss and notify, webauthn:extension:credBlob: true, webauthn:extension:largeBlob: true, webauthn:virtualAuthenticators: true}
Session ID: 5ed7d6b5761ac43609ceebd03d3c8a58
	at java.base/jdk.internal.reflect.NativeConstructorAccessorImpl.newInstance0(Native Method)
	at java.base/jdk.internal.reflect.NativeConstructorAccessorImpl.newInstance(NativeConstructorAccessorImpl.java:62)
	at java.base/jdk.internal.reflect.DelegatingConstructorAccessorImpl.newInstance(DelegatingConstructorAccessorImpl.java:45)
	at java.base/java.lang.reflect.Constructor.newInstance(Constructor.java:490)
	at org.openqa.selenium.remote.codec.w3c.W3CHttpResponseCodec.createException(W3CHttpResponseCodec.java:200)
	at org.openqa.selenium.remote.codec.w3c.W3CHttpResponseCodec.decode(W3CHttpResponseCodec.java:133)
	at org.openqa.selenium.remote.codec.w3c.W3CHttpResponseCodec.decode(W3CHttpResponseCodec.java:53)
	at org.openqa.selenium.remote.HttpCommandExecutor.execute(HttpCommandExecutor.java:184)
	at org.openqa.selenium.remote.service.DriverCommandExecutor.invokeExecute(DriverCommandExecutor.java:167)
	at org.openqa.selenium.remote.service.DriverCommandExecutor.execute(DriverCommandExecutor.java:142)
	at org.openqa.selenium.remote.RemoteWebDriver.execute(RemoteWebDriver.java:567)
	at org.openqa.selenium.remote.ElementLocation$ElementFinder$2.findElement(ElementLocation.java:162)
	at org.openqa.selenium.remote.ElementLocation.findElement(ElementLocation.java:60)
	at org.openqa.selenium.remote.RemoteWebDriver.findElement(RemoteWebDriver.java:385)
	at org.openqa.selenium.remote.RemoteWebDriver.findElement(RemoteWebDriver.java:377)
	at org.openqa.selenium.support.pagefactory.DefaultElementLocator.findElement(DefaultElementLocator.java:70)
	at org.openqa.selenium.support.pagefactory.internal.LocatingElementHandler.invoke(LocatingElementHandler.java:39)
	at com.sun.proxy.$Proxy25.click(Unknown Source)
	at stepdefinitions.LoginStepDefs.user_login_dropdown(LoginStepDefs.java:27)
	at ✽.user login dropdown(file:///D:/TechProEdu/Projects/mycucumberproject/./src/test/resources/features/day02_US12302_customer_login.feature:6)
</textarea>
      
      </div>
                  </div>
                  <div class="step skip-bg">
                    <span>And user sends username "customer3@bluerentalcars.com"</span>
      <div>Step skipped
      </div>
                  </div>
                  <div class="step skip-bg">
                    <span>And user sends password "12348"</span>
      <div>Step skipped
      </div>
                  </div>
                  <div class="step skip-bg">
                    <span>When user clicks on login button</span>
      <div>Step skipped
      </div>
                  </div>
                  <div class="step skip-bg">
                    <span>Then capture the screenshot</span>
      <div>Step skipped
      </div>
                  </div>
                  <div class="step skip-bg">
                    <span>Then close the application</span>
      <div>Step skipped
      </div>
                  </div>
                  <div class="step pass-bg">
                    <span>hooks.Hooks.tearDown(io.cucumber.java.Scenario)</span>
      <div>screenshots
          <div class="row mb-3"><div class="col-md-3">
<img data-featherlight='../embedded4.png' src="../embedded4.png">
    
    </div></div>
</div>
      <div>
      </div>
                  </div>
              </div>
            </div>
            <div class="card-body l1">
              <div class="card-header">
                <div class="card-title outline-child">
                  <div class="node" id="144"><span class="badge log fail-bg mr-2">Fail</span>login_customer_profile_testing</div>
                    <div class="status-avatar float-right">
                      <i class="fa fa-paperclip"></i>
                    </div>
                </div>
              </div>
              <div class="card-body mt-3 ">
                  <div class="step pass-bg">
                    <span>Given user is on the login page</span>
      <div>
      </div>
                  </div>
                  <div class="step fail-bg">
                    <span>And user login dropdown</span>
      <div>
        <textarea disabled class="code-block">org.openqa.selenium.NoSuchElementException: no such element: Unable to locate element: {"method":"partial link text","selector":"Login"}
  (Session info: chrome=103.0.5060.134)
For documentation on this error, please visit: https://selenium.dev/exceptions/#no_such_element
Build info: version: '4.1.4', revision: '535d840ee2'
System info: host: 'DESKTOP-1BMK8KS', ip: '192.168.1.180', os.name: 'Windows 10', os.arch: 'amd64', os.version: '10.0', java.version: '11.0.13'
Driver info: org.openqa.selenium.chrome.ChromeDriver
Command: [5ed7d6b5761ac43609ceebd03d3c8a58, findElement {using=partial link text, value=Login}]
Capabilities {acceptInsecureCerts: false, browserName: chrome, browserVersion: 103.0.5060.134, chrome: {chromedriverVersion: 103.0.5060.134 (8ec6fce403b..., userDataDir: C:\Users\infoe\AppData\Loca...}, goog:chromeOptions: {debuggerAddress: localhost:49789}, javascriptEnabled: true, networkConnectionEnabled: false, pageLoadStrategy: normal, platform: WINDOWS, platformName: WINDOWS, proxy: Proxy(), se:cdp: ws://localhost:49789/devtoo..., se:cdpVersion: 103.0.5060.134, setWindowRect: true, strictFileInteractability: false, timeouts: {implicit: 0, pageLoad: 300000, script: 30000}, unhandledPromptBehavior: dismiss and notify, webauthn:extension:credBlob: true, webauthn:extension:largeBlob: true, webauthn:virtualAuthenticators: true}
Session ID: 5ed7d6b5761ac43609ceebd03d3c8a58
	at java.base/jdk.internal.reflect.NativeConstructorAccessorImpl.newInstance0(Native Method)
	at java.base/jdk.internal.reflect.NativeConstructorAccessorImpl.newInstance(NativeConstructorAccessorImpl.java:62)
	at java.base/jdk.internal.reflect.DelegatingConstructorAccessorImpl.newInstance(DelegatingConstructorAccessorImpl.java:45)
	at java.base/java.lang.reflect.Constructor.newInstance(Constructor.java:490)
	at org.openqa.selenium.remote.codec.w3c.W3CHttpResponseCodec.createException(W3CHttpResponseCodec.java:200)
	at org.openqa.selenium.remote.codec.w3c.W3CHttpResponseCodec.decode(W3CHttpResponseCodec.java:133)
	at org.openqa.selenium.remote.codec.w3c.W3CHttpResponseCodec.decode(W3CHttpResponseCodec.java:53)
	at org.openqa.selenium.remote.HttpCommandExecutor.execute(HttpCommandExecutor.java:184)
	at org.openqa.selenium.remote.service.DriverCommandExecutor.invokeExecute(DriverCommandExecutor.java:167)
	at org.openqa.selenium.remote.service.DriverCommandExecutor.execute(DriverCommandExecutor.java:142)
	at org.openqa.selenium.remote.RemoteWebDriver.execute(RemoteWebDriver.java:567)
	at org.openqa.selenium.remote.ElementLocation$ElementFinder$2.findElement(ElementLocation.java:162)
	at org.openqa.selenium.remote.ElementLocation.findElement(ElementLocation.java:60)
	at org.openqa.selenium.remote.RemoteWebDriver.findElement(RemoteWebDriver.java:385)
	at org.openqa.selenium.remote.RemoteWebDriver.findElement(RemoteWebDriver.java:377)
	at org.openqa.selenium.support.pagefactory.DefaultElementLocator.findElement(DefaultElementLocator.java:70)
	at org.openqa.selenium.support.pagefactory.internal.LocatingElementHandler.invoke(LocatingElementHandler.java:39)
	at com.sun.proxy.$Proxy25.click(Unknown Source)
	at stepdefinitions.LoginStepDefs.user_login_dropdown(LoginStepDefs.java:27)
	at ✽.user login dropdown(file:///D:/TechProEdu/Projects/mycucumberproject/./src/test/resources/features/day03_hooks.feature:6)
</textarea>
      
      </div>
                  </div>
                  <div class="step skip-bg">
                    <span>And user sends username "customer@bluerentalcars.com"</span>
      <div>Step skipped
      </div>
                  </div>
                  <div class="step skip-bg">
                    <span>And user sends password "12345"</span>
      <div>Step skipped
      </div>
                  </div>
                  <div class="step skip-bg">
                    <span>When user clicks on login button</span>
      <div>Step skipped
      </div>
                  </div>
                  <div class="step skip-bg">
                    <span>And test case fails</span>
      <div>Step skipped
      </div>
                  </div>
                  <div class="step skip-bg">
                    <span>Then close the application</span>
      <div>Step skipped
      </div>
                  </div>
                  <div class="step pass-bg">
                    <span>hooks.Hooks.tearDown(io.cucumber.java.Scenario)</span>
      <div>screenshots
          <div class="row mb-3"><div class="col-md-3">
<img data-featherlight='../embedded6.png' src="../embedded6.png">
    
    </div></div>
</div>
      <div>
      </div>
                  </div>
              </div>
            </div>
        </div>
  </div>
</div>
          </div>
        </li>
        <li class="test-item"  status="fail" test-id="135"
          author=""
          tag=""
          device="">
          <div class="test-detail">
            <p class="name">admin_login</p>
            <p class="text-sm">
              <span>5:21:34 PM</span> / <span>00:00:01:285</span>
              <span class="badge fail-bg log float-right">Fail</span>
            </p>
          </div>
          <div class="test-contents d-none">
<div class="detail-head">
<div class="p-v-10">
<div class="info">
<h5 class="test-status text-fail">admin_login</h5>
<span class='badge badge-success'>07.23.2022 5:21:34 PM</span>
<span class='badge badge-danger'>07.23.2022 5:21:36 PM</span>
<span class='badge badge-default'>00:00:01:285</span>
&middot; <span class='uri-anchor badge badge-default'>#test-id=135</span>
<span class='badge badge-default pointer float-right ml-1 et'><i class="fa fa-chevron-down"></i></span>
<span class='badge badge-default pointer float-right ct'><i class="fa fa-chevron-up"></i></span>
</div>
<div class="m-t-10 m-l-5"></div>
</div>
</div>
<div class="accordion mt-4">
  <div class="card">
    <div class="card-header" role="tab">
      <div class="card-title">
        <div class="node" id="136"><span class="badge log fail-bg mr-2">Fail</span>login_with_admin_profile</div>
          <div class="status-avatar float-right mr-4">
            <i class="fa fa-paperclip"></i>
          </div>
      </div>
    </div>
        <div class="">
          <div class="card-body">
              <div class="step pass-bg" title="stepdefinitions.LoginStepDefs.user_is_on_the_login_page()">
                <span>Given user is on the login page</span>
      <div>
      </div>
              </div>
              <div class="step fail-bg" title="stepdefinitions.LoginStepDefs.user_login_dropdown()">
                <span>And user login dropdown</span>
      <div>
        <textarea disabled class="code-block">org.openqa.selenium.NoSuchElementException: no such element: Unable to locate element: {"method":"partial link text","selector":"Login"}
  (Session info: chrome=103.0.5060.134)
For documentation on this error, please visit: https://selenium.dev/exceptions/#no_such_element
Build info: version: '4.1.4', revision: '535d840ee2'
System info: host: 'DESKTOP-1BMK8KS', ip: '192.168.1.180', os.name: 'Windows 10', os.arch: 'amd64', os.version: '10.0', java.version: '11.0.13'
Driver info: org.openqa.selenium.chrome.ChromeDriver
Command: [5ed7d6b5761ac43609ceebd03d3c8a58, findElement {using=partial link text, value=Login}]
Capabilities {acceptInsecureCerts: false, browserName: chrome, browserVersion: 103.0.5060.134, chrome: {chromedriverVersion: 103.0.5060.134 (8ec6fce403b..., userDataDir: C:\Users\infoe\AppData\Loca...}, goog:chromeOptions: {debuggerAddress: localhost:49789}, javascriptEnabled: true, networkConnectionEnabled: false, pageLoadStrategy: normal, platform: WINDOWS, platformName: WINDOWS, proxy: Proxy(), se:cdp: ws://localhost:49789/devtoo..., se:cdpVersion: 103.0.5060.134, setWindowRect: true, strictFileInteractability: false, timeouts: {implicit: 0, pageLoad: 300000, script: 30000}, unhandledPromptBehavior: dismiss and notify, webauthn:extension:credBlob: true, webauthn:extension:largeBlob: true, webauthn:virtualAuthenticators: true}
Session ID: 5ed7d6b5761ac43609ceebd03d3c8a58
	at java.base/jdk.internal.reflect.NativeConstructorAccessorImpl.newInstance0(Native Method)
	at java.base/jdk.internal.reflect.NativeConstructorAccessorImpl.newInstance(NativeConstructorAccessorImpl.java:62)
	at java.base/jdk.internal.reflect.DelegatingConstructorAccessorImpl.newInstance(DelegatingConstructorAccessorImpl.java:45)
	at java.base/java.lang.reflect.Constructor.newInstance(Constructor.java:490)
	at org.openqa.selenium.remote.codec.w3c.W3CHttpResponseCodec.createException(W3CHttpResponseCodec.java:200)
	at org.openqa.selenium.remote.codec.w3c.W3CHttpResponseCodec.decode(W3CHttpResponseCodec.java:133)
	at org.openqa.selenium.remote.codec.w3c.W3CHttpResponseCodec.decode(W3CHttpResponseCodec.java:53)
	at org.openqa.selenium.remote.HttpCommandExecutor.execute(HttpCommandExecutor.java:184)
	at org.openqa.selenium.remote.service.DriverCommandExecutor.invokeExecute(DriverCommandExecutor.java:167)
	at org.openqa.selenium.remote.service.DriverCommandExecutor.execute(DriverCommandExecutor.java:142)
	at org.openqa.selenium.remote.RemoteWebDriver.execute(RemoteWebDriver.java:567)
	at org.openqa.selenium.remote.ElementLocation$ElementFinder$2.findElement(ElementLocation.java:162)
	at org.openqa.selenium.remote.ElementLocation.findElement(ElementLocation.java:60)
	at org.openqa.selenium.remote.RemoteWebDriver.findElement(RemoteWebDriver.java:385)
	at org.openqa.selenium.remote.RemoteWebDriver.findElement(RemoteWebDriver.java:377)
	at org.openqa.selenium.support.pagefactory.DefaultElementLocator.findElement(DefaultElementLocator.java:70)
	at org.openqa.selenium.support.pagefactory.internal.LocatingElementHandler.invoke(LocatingElementHandler.java:39)
	at com.sun.proxy.$Proxy25.click(Unknown Source)
	at stepdefinitions.LoginStepDefs.user_login_dropdown(LoginStepDefs.java:27)
	at ✽.user login dropdown(file:///D:/TechProEdu/Projects/mycucumberproject/./src/test/resources/features/day02_US12303_data_tables.feature:7)
</textarea>
      
      </div>
              </div>
              <div class="step skip-bg" title="stepdefinitions.LoginStepDefs.user_enters_admin_username_and_admin_password(io.cucumber.datatable.DataTable)">
                <span>And user enters admin_username and admin_password</span>
      <div><table class='markup-table table '><tr><td>admin_id</td><td>admin_pass</td></tr><tr><td>admin@bluerentalcars.com</td><td>12345</td></tr></table>
      </div>
      <div>Step skipped
      </div>
              </div>
              <div class="step skip-bg" title="stepdefinitions.LoginStepDefs.user_clicks_on_login_button()">
                <span>When user clicks on login button</span>
      <div>Step skipped
      </div>
              </div>
              <div class="step skip-bg" title="stepdefinitions.LoginStepDefs.verify_the_login_is_successful()">
                <span>Then verify the login is successful</span>
      <div>Step skipped
      </div>
              </div>
              <div class="step skip-bg" title="stepdefinitions.GoogleStepDefs.close_the_application()">
                <span>Then close the application</span>
      <div>Step skipped
      </div>
              </div>
              <div class="step pass-bg" title="AFTER">
                <span>hooks.Hooks.tearDown(io.cucumber.java.Scenario)</span>
      <div>screenshots
          <div class="row mb-3"><div class="col-md-3">
<img data-featherlight='../embedded5.png' src="../embedded5.png">
    
    </div></div>
</div>
      <div>
      </div>
              </div>
          </div>
        </div>
  </div>
</div>
          </div>
        </li>
        <li class="test-item"  status="fail" test-id="153"
          author=""
          tag=""
          device="">
          <div class="test-detail">
            <p class="name">FE35678_log_in_with_different_credentials</p>
            <p class="text-sm">
              <span>5:21:37 PM</span> / <span>00:00:07:941</span>
              <span class="badge fail-bg log float-right">Fail</span>
            </p>
          </div>
          <div class="test-contents d-none">
<div class="detail-head">
<div class="p-v-10">
<div class="info">
<h5 class="test-status text-fail">FE35678_log_in_with_different_credentials</h5>
<span class='badge badge-success'>07.23.2022 5:21:37 PM</span>
<span class='badge badge-danger'>07.23.2022 5:21:45 PM</span>
<span class='badge badge-default'>00:00:07:941</span>
&middot; <span class='uri-anchor badge badge-default'>#test-id=153</span>
<span class='badge badge-default pointer float-right ml-1 et'><i class="fa fa-chevron-down"></i></span>
<span class='badge badge-default pointer float-right ct'><i class="fa fa-chevron-up"></i></span>
</div>
<div class="m-t-10 m-l-5"></div>
</div>
</div>
<div class="accordion mt-4">
  <div class="card">
    <div class="card-header" role="tab">
      <div class="card-title">
        <div class="node" id="154"><span class="badge log fail-bg mr-2">Fail</span>TC_login_with_admin</div>
          <div class="status-avatar float-right mr-4">
            <i class="fa fa-paperclip"></i>
          </div>
      </div>
    </div>
        <div class="">
          <div class="card-body">
              <div class="step fail-bg" title="stepdefinitions.ExcelStepDefs.user_login_with_excel_as(java.lang.String)">
                <span>Given user login with excel as "admin"</span>
      <div>
        <textarea disabled class="code-block">org.openqa.selenium.NoSuchElementException: no such element: Unable to locate element: {"method":"css selector","selector":"#formBasicEmail"}
  (Session info: chrome=103.0.5060.134)
For documentation on this error, please visit: https://selenium.dev/exceptions/#no_such_element
Build info: version: '4.1.4', revision: '535d840ee2'
System info: host: 'DESKTOP-1BMK8KS', ip: '192.168.1.180', os.name: 'Windows 10', os.arch: 'amd64', os.version: '10.0', java.version: '11.0.13'
Driver info: org.openqa.selenium.chrome.ChromeDriver
Command: [5ed7d6b5761ac43609ceebd03d3c8a58, findElement {using=id, value=formBasicEmail}]
Capabilities {acceptInsecureCerts: false, browserName: chrome, browserVersion: 103.0.5060.134, chrome: {chromedriverVersion: 103.0.5060.134 (8ec6fce403b..., userDataDir: C:\Users\infoe\AppData\Loca...}, goog:chromeOptions: {debuggerAddress: localhost:49789}, javascriptEnabled: true, networkConnectionEnabled: false, pageLoadStrategy: normal, platform: WINDOWS, platformName: WINDOWS, proxy: Proxy(), se:cdp: ws://localhost:49789/devtoo..., se:cdpVersion: 103.0.5060.134, setWindowRect: true, strictFileInteractability: false, timeouts: {implicit: 0, pageLoad: 300000, script: 30000}, unhandledPromptBehavior: dismiss and notify, webauthn:extension:credBlob: true, webauthn:extension:largeBlob: true, webauthn:virtualAuthenticators: true}
Session ID: 5ed7d6b5761ac43609ceebd03d3c8a58
	at java.base/jdk.internal.reflect.NativeConstructorAccessorImpl.newInstance0(Native Method)
	at java.base/jdk.internal.reflect.NativeConstructorAccessorImpl.newInstance(NativeConstructorAccessorImpl.java:62)
	at java.base/jdk.internal.reflect.DelegatingConstructorAccessorImpl.newInstance(DelegatingConstructorAccessorImpl.java:45)
	at java.base/java.lang.reflect.Constructor.newInstance(Constructor.java:490)
	at org.openqa.selenium.remote.codec.w3c.W3CHttpResponseCodec.createException(W3CHttpResponseCodec.java:200)
	at org.openqa.selenium.remote.codec.w3c.W3CHttpResponseCodec.decode(W3CHttpResponseCodec.java:133)
	at org.openqa.selenium.remote.codec.w3c.W3CHttpResponseCodec.decode(W3CHttpResponseCodec.java:53)
	at org.openqa.selenium.remote.HttpCommandExecutor.execute(HttpCommandExecutor.java:184)
	at org.openqa.selenium.remote.service.DriverCommandExecutor.invokeExecute(DriverCommandExecutor.java:167)
	at org.openqa.selenium.remote.service.DriverCommandExecutor.execute(DriverCommandExecutor.java:142)
	at org.openqa.selenium.remote.RemoteWebDriver.execute(RemoteWebDriver.java:567)
	at org.openqa.selenium.remote.ElementLocation$ElementFinder$2.findElement(ElementLocation.java:162)
	at org.openqa.selenium.remote.ElementLocation.findElement(ElementLocation.java:66)
	at org.openqa.selenium.remote.RemoteWebDriver.findElement(RemoteWebDriver.java:385)
	at org.openqa.selenium.remote.RemoteWebDriver.findElement(RemoteWebDriver.java:377)
	at org.openqa.selenium.support.pagefactory.DefaultElementLocator.findElement(DefaultElementLocator.java:70)
	at org.openqa.selenium.support.pagefactory.internal.LocatingElementHandler.invoke(LocatingElementHandler.java:39)
	at com.sun.proxy.$Proxy25.sendKeys(Unknown Source)
	at stepdefinitions.ExcelStepDefs.user_login_with_excel_as(ExcelStepDefs.java:76)
	at ✽.user login with excel as "admin"(file:///D:/TechProEdu/Projects/mycucumberproject/./src/test/resources/features/day04_excel_automation.feature:6)
</textarea>
      
      </div>
              </div>
              <div class="step skip-bg" title="stepdefinitions.ReusableStepDefs.capture_the_screenshot()">
                <span>Then capture the screenshot</span>
      <div>Step skipped
      </div>
              </div>
              <div class="step skip-bg" title="stepdefinitions.GoogleStepDefs.close_the_application()">
                <span>Then close the application</span>
      <div>Step skipped
      </div>
              </div>
              <div class="step pass-bg" title="AFTER">
                <span>hooks.Hooks.tearDown(io.cucumber.java.Scenario)</span>
      <div>screenshots
          <div class="row mb-3"><div class="col-md-3">
<img data-featherlight='../embedded7.png' src="../embedded7.png">
    
    </div></div>
</div>
      <div>
      </div>
              </div>
          </div>
        </div>
  </div>
  <div class="card">
    <div class="card-header" role="tab">
      <div class="card-title">
        <div class="node" id="159"><span class="badge log fail-bg mr-2">Fail</span>TC_login_with_customer</div>
          <div class="status-avatar float-right mr-4">
            <i class="fa fa-paperclip"></i>
          </div>
      </div>
    </div>
        <div class="">
          <div class="card-body">
              <div class="step fail-bg" title="stepdefinitions.ExcelStepDefs.user_login_with_excel_as(java.lang.String)">
                <span>Given user login with excel as "customer"</span>
      <div>
        <textarea disabled class="code-block">org.openqa.selenium.NoSuchElementException: no such element: Unable to locate element: {"method":"css selector","selector":"#formBasicEmail"}
  (Session info: chrome=103.0.5060.134)
For documentation on this error, please visit: https://selenium.dev/exceptions/#no_such_element
Build info: version: '4.1.4', revision: '535d840ee2'
System info: host: 'DESKTOP-1BMK8KS', ip: '192.168.1.180', os.name: 'Windows 10', os.arch: 'amd64', os.version: '10.0', java.version: '11.0.13'
Driver info: org.openqa.selenium.chrome.ChromeDriver
Command: [5ed7d6b5761ac43609ceebd03d3c8a58, findElement {using=id, value=formBasicEmail}]
Capabilities {acceptInsecureCerts: false, browserName: chrome, browserVersion: 103.0.5060.134, chrome: {chromedriverVersion: 103.0.5060.134 (8ec6fce403b..., userDataDir: C:\Users\infoe\AppData\Loca...}, goog:chromeOptions: {debuggerAddress: localhost:49789}, javascriptEnabled: true, networkConnectionEnabled: false, pageLoadStrategy: normal, platform: WINDOWS, platformName: WINDOWS, proxy: Proxy(), se:cdp: ws://localhost:49789/devtoo..., se:cdpVersion: 103.0.5060.134, setWindowRect: true, strictFileInteractability: false, timeouts: {implicit: 0, pageLoad: 300000, script: 30000}, unhandledPromptBehavior: dismiss and notify, webauthn:extension:credBlob: true, webauthn:extension:largeBlob: true, webauthn:virtualAuthenticators: true}
Session ID: 5ed7d6b5761ac43609ceebd03d3c8a58
	at java.base/jdk.internal.reflect.NativeConstructorAccessorImpl.newInstance0(Native Method)
	at java.base/jdk.internal.reflect.NativeConstructorAccessorImpl.newInstance(NativeConstructorAccessorImpl.java:62)
	at java.base/jdk.internal.reflect.DelegatingConstructorAccessorImpl.newInstance(DelegatingConstructorAccessorImpl.java:45)
	at java.base/java.lang.reflect.Constructor.newInstance(Constructor.java:490)
	at org.openqa.selenium.remote.codec.w3c.W3CHttpResponseCodec.createException(W3CHttpResponseCodec.java:200)
	at org.openqa.selenium.remote.codec.w3c.W3CHttpResponseCodec.decode(W3CHttpResponseCodec.java:133)
	at org.openqa.selenium.remote.codec.w3c.W3CHttpResponseCodec.decode(W3CHttpResponseCodec.java:53)
	at org.openqa.selenium.remote.HttpCommandExecutor.execute(HttpCommandExecutor.java:184)
	at org.openqa.selenium.remote.service.DriverCommandExecutor.invokeExecute(DriverCommandExecutor.java:167)
	at org.openqa.selenium.remote.service.DriverCommandExecutor.execute(DriverCommandExecutor.java:142)
	at org.openqa.selenium.remote.RemoteWebDriver.execute(RemoteWebDriver.java:567)
	at org.openqa.selenium.remote.ElementLocation$ElementFinder$2.findElement(ElementLocation.java:162)
	at org.openqa.selenium.remote.ElementLocation.findElement(ElementLocation.java:60)
	at org.openqa.selenium.remote.RemoteWebDriver.findElement(RemoteWebDriver.java:385)
	at org.openqa.selenium.remote.RemoteWebDriver.findElement(RemoteWebDriver.java:377)
	at org.openqa.selenium.support.pagefactory.DefaultElementLocator.findElement(DefaultElementLocator.java:70)
	at org.openqa.selenium.support.pagefactory.internal.LocatingElementHandler.invoke(LocatingElementHandler.java:39)
	at com.sun.proxy.$Proxy25.sendKeys(Unknown Source)
	at stepdefinitions.ExcelStepDefs.user_login_with_excel_as(ExcelStepDefs.java:76)
	at ✽.user login with excel as "customer"(file:///D:/TechProEdu/Projects/mycucumberproject/./src/test/resources/features/day04_excel_automation.feature:12)
</textarea>
      
      </div>
              </div>
              <div class="step skip-bg" title="stepdefinitions.ReusableStepDefs.capture_the_screenshot()">
                <span>Then capture the screenshot</span>
      <div>Step skipped
      </div>
              </div>
              <div class="step skip-bg" title="stepdefinitions.GoogleStepDefs.close_the_application()">
                <span>Then close the application</span>
      <div>Step skipped
      </div>
              </div>
              <div class="step pass-bg" title="AFTER">
                <span>hooks.Hooks.tearDown(io.cucumber.java.Scenario)</span>
      <div>screenshots
          <div class="row mb-3"><div class="col-md-3">
<img data-featherlight='../embedded8.png' src="../embedded8.png">
    
    </div></div>
</div>
      <div>
      </div>
              </div>
          </div>
        </div>
  </div>
</div>
          </div>
        </li>
        <li class="test-item"  status="pass" test-id="164"
          author=""
          tag=""
          device="">
          <div class="test-detail">
            <p class="name">First Feature File</p>
            <p class="text-sm">
              <span>5:21:45 PM</span> / <span>00:00:36:809</span>
              <span class="badge pass-bg log float-right">Pass</span>
            </p>
          </div>
          <div class="test-contents d-none">
<div class="detail-head">
<div class="p-v-10">
<div class="info">
<h5 class="test-status text-pass">First Feature File</h5>
<span class='badge badge-success'>07.23.2022 5:21:45 PM</span>
<span class='badge badge-danger'>07.23.2022 5:22:21 PM</span>
<span class='badge badge-default'>00:00:36:809</span>
&middot; <span class='uri-anchor badge badge-default'>#test-id=164</span>
<span class='badge badge-default pointer float-right ml-1 et'><i class="fa fa-chevron-down"></i></span>
<span class='badge badge-default pointer float-right ct'><i class="fa fa-chevron-up"></i></span>
</div>
<div class="m-t-10 m-l-5"></div>
</div>
</div>
<div class="accordion mt-4">
  <div class="card">
    <div class="card-header" role="tab">
      <div class="card-title">
        <div class="node" id="165"><span class="badge log pass-bg mr-2">Pass</span>TC01_Iphone_Search</div>
      </div>
    </div>
        <div class="collapse">
          <div class="card-body">
              <div class="step pass-bg" title="stepdefinitions.GoogleStepDefs.user_is_on_the_google_page()">
                <span>Given user is on the google page</span>
      <div>
      </div>
              </div>
              <div class="step pass-bg" title="stepdefinitions.GoogleStepDefs.user_search_for_i_phone_on_google()">
                <span>When user search for iPhone on google</span>
      <div>
      </div>
              </div>
              <div class="step pass-bg" title="stepdefinitions.GoogleStepDefs.verify_the_page_title_contains_i_phone()">
                <span>Then verify the page title contains iPhone</span>
      <div>
      </div>
              </div>
              <div class="step pass-bg" title="stepdefinitions.GoogleStepDefs.close_the_application()">
                <span>And close the application</span>
      <div>
      </div>
              </div>
          </div>
        </div>
  </div>
  <div class="card">
    <div class="card-header" role="tab">
      <div class="card-title">
        <div class="node" id="171"><span class="badge log pass-bg mr-2">Pass</span>TC02_Teapot_Search</div>
      </div>
    </div>
        <div class="collapse">
          <div class="card-body">
              <div class="step pass-bg" title="stepdefinitions.GoogleStepDefs.user_is_on_the_google_page()">
                <span>Given user is on the google page</span>
      <div>
      </div>
              </div>
              <div class="step pass-bg" title="stepdefinitions.GoogleStepDefs.user_search_for_tea_pot_on_google()">
                <span>When user search for TeaPot on google</span>
      <div>
      </div>
              </div>
              <div class="step pass-bg" title="stepdefinitions.GoogleStepDefs.verify_the_page_title_contains_tea_pot()">
                <span>Then verify the page title contains TeaPot</span>
      <div>
      </div>
              </div>
              <div class="step pass-bg" title="stepdefinitions.GoogleStepDefs.close_the_application()">
                <span>And close the application</span>
      <div>
      </div>
              </div>
          </div>
        </div>
  </div>
  <div class="card">
    <div class="card-header" role="tab">
      <div class="card-title">
        <div class="node" id="177"><span class="badge log pass-bg mr-2">Pass</span>TC03_Flower_Search</div>
      </div>
    </div>
        <div class="collapse">
          <div class="card-body">
              <div class="step pass-bg" title="stepdefinitions.GoogleStepDefs.user_is_on_the_google_page()">
                <span>Given user is on the google page</span>
      <div>
      </div>
              </div>
              <div class="step pass-bg" title="stepdefinitions.GoogleStepDefs.user_search_for_flower_on_google()">
                <span>When user search for Flower on google</span>
      <div>
      </div>
              </div>
              <div class="step pass-bg" title="stepdefinitions.GoogleStepDefs.verify_the_page_title_contains_flower()">
                <span>Then verify the page title contains Flower</span>
      <div>
      </div>
              </div>
              <div class="step pass-bg" title="stepdefinitions.GoogleStepDefs.close_the_application()">
                <span>And close the application</span>
      <div>
      </div>
              </div>
          </div>
        </div>
  </div>
  <div class="card">
    <div class="card-header" role="tab">
      <div class="card-title">
        <div class="node" id="183"><span class="badge log pass-bg mr-2">Pass</span>TC04_BMW_Search</div>
      </div>
    </div>
        <div class="collapse">
          <div class="card-body">
              <div class="step pass-bg" title="stepdefinitions.GoogleStepDefs.user_is_on_the_google_page()">
                <span>Given user is on the google page</span>
      <div>
      </div>
              </div>
              <div class="step pass-bg" title="stepdefinitions.GoogleStepDefs.user_search_for_bmw_on_google()">
                <span>When user search for BMW on google</span>
      <div>
      </div>
              </div>
              <div class="step pass-bg" title="stepdefinitions.GoogleStepDefs.verify_the_page_title_contains_bmw()">
                <span>Then verify the page title contains BMW</span>
      <div>
      </div>
              </div>
              <div class="step pass-bg" title="stepdefinitions.GoogleStepDefs.close_the_application()">
                <span>And close the application</span>
      <div>
      </div>
              </div>
          </div>
        </div>
  </div>
</div>
          </div>
        </li>
        <li class="test-item"  status="fail" test-id="189"
          author=""
          tag=""
          device="">
          <div class="test-detail">
            <p class="name">Verify Test Cases</p>
            <p class="text-sm">
              <span>5:22:21 PM</span> / <span>00:00:03:192</span>
              <span class="badge fail-bg log float-right">Fail</span>
            </p>
          </div>
          <div class="test-contents d-none">
<div class="detail-head">
<div class="p-v-10">
<div class="info">
<h5 class="test-status text-fail">Verify Test Cases</h5>
<span class='badge badge-success'>07.23.2022 5:22:21 PM</span>
<span class='badge badge-danger'>07.23.2022 5:22:25 PM</span>
<span class='badge badge-default'>00:00:03:192</span>
&middot; <span class='uri-anchor badge badge-default'>#test-id=189</span>
<span class='badge badge-default pointer float-right ml-1 et'><i class="fa fa-chevron-down"></i></span>
<span class='badge badge-default pointer float-right ct'><i class="fa fa-chevron-up"></i></span>
</div>
<div class="m-t-10 m-l-5"></div>
</div>
</div>
<div class="accordion mt-4">
  <div class="card">
    <div class="card-header" role="tab">
      <div class="card-title">
        <div class="node" id="190"><span class="badge log fail-bg mr-2">Fail</span>TC_07_Test_Cases</div>
          <div class="status-avatar float-right mr-4">
            <i class="fa fa-paperclip"></i>
          </div>
      </div>
    </div>
        <div class="">
          <div class="card-body">
              <div class="step pass-bg" title="stepdefinitions.TC07_TestCasesStepDefs.user_launches_the_browser()">
                <span>Given user launches the browser</span>
      <div>
      </div>
              </div>
              <div class="step fail-bg" title="stepdefinitions.TC07_TestCasesStepDefs.user_navigates_to_url()">
                <span>When user navigates to URL</span>
      <div>
        <textarea disabled class="code-block">java.lang.NullPointerException: null value in entry: url=null
	at com.google.common.collect.CollectPreconditions.checkEntryNotNull(CollectPreconditions.java:33)
	at com.google.common.collect.SingletonImmutableBiMap.<init>(SingletonImmutableBiMap.java:43)
	at com.google.common.collect.ImmutableBiMap.of(ImmutableBiMap.java:81)
	at com.google.common.collect.ImmutableMap.of(ImmutableMap.java:128)
	at org.openqa.selenium.remote.DriverCommand.GET(DriverCommand.java:76)
	at org.openqa.selenium.remote.RemoteWebDriver.get(RemoteWebDriver.java:330)
	at stepdefinitions.TC07_TestCasesStepDefs.user_navigates_to_url(TC07_TestCasesStepDefs.java:22)
	at ✽.user navigates to URL(file:///D:/TechProEdu/Projects/mycucumberproject/./src/test/resources/features/verify_test_cases.feature:4)
</textarea>
      
      </div>
              </div>
              <div class="step skip-bg" title="stepdefinitions.TC07_TestCasesStepDefs.user_verifies_that_home_page_is_visible_successfully()">
                <span>Then user verifies that home page is visible successfully</span>
      <div>Step skipped
      </div>
              </div>
              <div class="step skip-bg" title="stepdefinitions.TC07_TestCasesStepDefs.userClicksOnTestCasesButton()">
                <span>And user clicks on Test Cases button</span>
      <div>Step skipped
      </div>
              </div>
              <div class="step skip-bg" title="stepdefinitions.TC07_TestCasesStepDefs.user_is_navigated_to_test_cases_page_successfully()">
                <span>Then user is navigated to test cases page successfully</span>
      <div>Step skipped
      </div>
              </div>
              <div class="step skip-bg" title="stepdefinitions.TC07_TestCasesStepDefs.user_closes_the_browser()">
                <span>Then user closes the browser</span>
      <div>Step skipped
      </div>
              </div>
              <div class="step pass-bg" title="AFTER">
                <span>hooks.Hooks.tearDown(io.cucumber.java.Scenario)</span>
      <div>screenshots
          <div class="row mb-3"><div class="col-md-3">
<img data-featherlight='../embedded9.png' src="../embedded9.png">
    
    </div></div>
</div>
      <div>
      </div>
              </div>
          </div>
        </div>
  </div>
</div>
          </div>
        </li>
      </ul>
    </div>
  </div>
<div class="test-content scrollable">
<div class="test-content-tools">
<ul><li><a class="back-to-test" href="#"><i class="fa fa-arrow-left"></i></a></li></ul>
</div>
<div class="test-content-detail"><div class="detail-body"></div></div>
</div></div>
<div class="test-wrapper row view category-view attributes-view">
<div class="test-list">
<div class="test-list-tools">
<ul class="tools pull-left"><li><a href=""><span class="font-size-14">Category</span></a></li></ul>
<ul class="tools text-right"><li><a href="#"><span class="badge badge-primary">15</span></a></li></ul>
</div>
<div class="test-list-wrapper scrollable">
<ul class="test-list-item">
<li class="test-item">
<div class="test-detail">
<span class="meta">
<span class='badge log pass-bg'>5</span>
</span>
<p class="name">@regression</p>
<p class="duration text-sm">5 tests</p>
</div>
<div class="test-contents d-none">
<div class="info">
<h4>@regression</h4>
<span status="pass" class='badge log pass-bg'>5 passed</span>
</div>
<table class='table table-sm mt-4'>
<thead>
<tr>
<th class="status-col">Status</th>
<th class="timestamp-col">Timestamp</th>
<th>TestName</th>
</tr>
</thead>
<tbody>
<tr class="tag-test-status" status="pass">
<td><span class="badge log pass-bg">Pass</span></td>
<td>17:18:50 PM</td>
<td>
<a href="#" class="linked" test-id='1' id='2'>TC01_mercedes_Search</a>
<div class="">
<span class="badge badge-default">US12300_parameterizing_feature_file_google_search.TC01_mercedes_Search</span>
</div>
</td>
</tr>
<tr class="tag-test-status" status="pass">
<td><span class="badge log pass-bg">Pass</span></td>
<td>17:19:10 PM</td>
<td>
<a href="#" class="linked" test-id='1' id='8'>TC02_tesla_Search</a>
<div class="">
<span class="badge badge-default">US12300_parameterizing_feature_file_google_search.TC02_tesla_Search</span>
</div>
</td>
</tr>
<tr class="tag-test-status" status="pass">
<td><span class="badge log pass-bg">Pass</span></td>
<td>17:19:20 PM</td>
<td>
<a href="#" class="linked" test-id='1' id='14'>TC03_lexus_Search</a>
<div class="">
<span class="badge badge-default">US12300_parameterizing_feature_file_google_search.TC03_lexus_Search</span>
</div>
</td>
</tr>
<tr class="tag-test-status" status="pass">
<td><span class="badge log pass-bg">Pass</span></td>
<td>17:19:31 PM</td>
<td>
<a href="#" class="linked" test-id='1' id='20'>TC04_toros_Search</a>
<div class="">
<span class="badge badge-default">US12300_parameterizing_feature_file_google_search.TC04_toros_Search</span>
</div>
</td>
</tr>
<tr class="tag-test-status" status="pass">
<td><span class="badge log pass-bg">Pass</span></td>
<td>17:19:41 PM</td>
<td>
<a href="#" class="linked" test-id='1' id='26'>TC05_broadway_Search</a>
<div class="">
<span class="badge badge-default">US12300_parameterizing_feature_file_google_search.TC05_broadway_Search</span>
</div>
</td>
</tr>
</tbody>
</table>
</div>
</li>
<li class="test-item">
<div class="test-detail">
<span class="meta">
<span class='badge log pass-bg'>10</span>
</span>
<p class="name">@scenario_outline_1</p>
<p class="duration text-sm">10 tests</p>
</div>
<div class="test-contents d-none">
<div class="info">
<h4>@scenario_outline_1</h4>
<span status="pass" class='badge log pass-bg'>10 passed</span>
</div>
<table class='table table-sm mt-4'>
<thead>
<tr>
<th class="status-col">Status</th>
<th class="timestamp-col">Timestamp</th>
<th>TestName</th>
</tr>
</thead>
<tbody>
<tr class="tag-test-status" status="pass">
<td><span class="badge log pass-bg">Pass</span></td>
<td>17:19:51 PM</td>
<td>
<a href="#" class="linked" test-id='32' id='33'>TC_Google_Search_Test</a>
<div class="">
<span class="badge badge-default">day02_US12300_scenario_outline_1.feature.TC_Google_Search_Test</span>
</div>
</td>
</tr>
<tr class="tag-test-status" status="pass">
<td><span class="badge log pass-bg">Pass</span></td>
<td>17:19:51 PM</td>
<td>
<a href="#" class="linked" test-id='32' id='34'>TC_Google_Search_Test</a>
<div class="">
<span class="badge badge-default">day02_US12300_scenario_outline_1.feature.TC_Google_Search_Test</span>
</div>
</td>
</tr>
<tr class="tag-test-status" status="pass">
<td><span class="badge log pass-bg">Pass</span></td>
<td>17:20:02 PM</td>
<td>
<a href="#" class="linked" test-id='32' id='41'>TC_Google_Search_Test</a>
<div class="">
<span class="badge badge-default">day02_US12300_scenario_outline_1.feature.TC_Google_Search_Test</span>
</div>
</td>
</tr>
<tr class="tag-test-status" status="pass">
<td><span class="badge log pass-bg">Pass</span></td>
<td>17:20:12 PM</td>
<td>
<a href="#" class="linked" test-id='32' id='48'>TC_Google_Search_Test</a>
<div class="">
<span class="badge badge-default">day02_US12300_scenario_outline_1.feature.TC_Google_Search_Test</span>
</div>
</td>
</tr>
<tr class="tag-test-status" status="pass">
<td><span class="badge log pass-bg">Pass</span></td>
<td>17:20:22 PM</td>
<td>
<a href="#" class="linked" test-id='32' id='55'>TC_Google_Search_Test</a>
<div class="">
<span class="badge badge-default">day02_US12300_scenario_outline_1.feature.TC_Google_Search_Test</span>
</div>
</td>
</tr>
<tr class="tag-test-status" status="pass">
<td><span class="badge log pass-bg">Pass</span></td>
<td>17:20:32 PM</td>
<td>
<a href="#" class="linked" test-id='32' id='62'>TC_Google_Search_Test</a>
<div class="">
<span class="badge badge-default">day02_US12300_scenario_outline_1.feature.TC_Google_Search_Test</span>
</div>
</td>
</tr>
<tr class="tag-test-status" status="pass">
<td><span class="badge log pass-bg">Pass</span></td>
<td>17:20:42 PM</td>
<td>
<a href="#" class="linked" test-id='32' id='69'>TC_Google_Search_Test</a>
<div class="">
<span class="badge badge-default">day02_US12300_scenario_outline_1.feature.TC_Google_Search_Test</span>
</div>
</td>
</tr>
<tr class="tag-test-status" status="pass">
<td><span class="badge log pass-bg">Pass</span></td>
<td>17:20:55 PM</td>
<td>
<a href="#" class="linked" test-id='32' id='76'>TC_Google_Search_Test</a>
<div class="">
<span class="badge badge-default">day02_US12300_scenario_outline_1.feature.TC_Google_Search_Test</span>
</div>
</td>
</tr>
<tr class="tag-test-status" status="pass">
<td><span class="badge log pass-bg">Pass</span></td>
<td>17:21:06 PM</td>
<td>
<a href="#" class="linked" test-id='32' id='83'>TC_Google_Search_Test</a>
<div class="">
<span class="badge badge-default">day02_US12300_scenario_outline_1.feature.TC_Google_Search_Test</span>
</div>
</td>
</tr>
<tr class="tag-test-status" status="pass">
<td><span class="badge log pass-bg">Pass</span></td>
<td>17:21:16 PM</td>
<td>
<a href="#" class="linked" test-id='32' id='90'>TC_Google_Search_Test</a>
<div class="">
<span class="badge badge-default">day02_US12300_scenario_outline_1.feature.TC_Google_Search_Test</span>
</div>
</td>
</tr>
</tbody>
</table>
</div>
</li>
<li class="test-item">
<div class="test-detail">
<span class="meta">
<span class='badge log pass-bg'>4</span>
</span>
<p class="name">@test3</p>
<p class="duration text-sm">4 tests</p>
</div>
<div class="test-contents d-none">
<div class="info">
<h4>@test3</h4>
<span status="pass" class='badge log pass-bg'>4 passed</span>
</div>
<table class='table table-sm mt-4'>
<thead>
<tr>
<th class="status-col">Status</th>
<th class="timestamp-col">Timestamp</th>
<th>TestName</th>
</tr>
</thead>
<tbody>
<tr class="tag-test-status" status="pass">
<td><span class="badge log pass-bg">Pass</span></td>
<td>17:21:45 PM</td>
<td>
<a href="#" class="linked" test-id='164' id='165'>TC01_Iphone_Search</a>
<div class="">
<span class="badge badge-default">First Feature File.TC01_Iphone_Search</span>
</div>
</td>
</tr>
<tr class="tag-test-status" status="pass">
<td><span class="badge log pass-bg">Pass</span></td>
<td>17:21:51 PM</td>
<td>
<a href="#" class="linked" test-id='164' id='171'>TC02_Teapot_Search</a>
<div class="">
<span class="badge badge-default">First Feature File.TC02_Teapot_Search</span>
</div>
</td>
</tr>
<tr class="tag-test-status" status="pass">
<td><span class="badge log pass-bg">Pass</span></td>
<td>17:22:02 PM</td>
<td>
<a href="#" class="linked" test-id='164' id='177'>TC03_Flower_Search</a>
<div class="">
<span class="badge badge-default">First Feature File.TC03_Flower_Search</span>
</div>
</td>
</tr>
<tr class="tag-test-status" status="pass">
<td><span class="badge log pass-bg">Pass</span></td>
<td>17:22:12 PM</td>
<td>
<a href="#" class="linked" test-id='164' id='183'>TC04_BMW_Search</a>
<div class="">
<span class="badge badge-default">First Feature File.TC04_BMW_Search</span>
</div>
</td>
</tr>
</tbody>
</table>
</div>
</li>
<li class="test-item">
<div class="test-detail">
<span class="meta">
<span class='badge log pass-bg'>1</span>
</span>
<p class="name">@teapot_search</p>
<p class="duration text-sm">1 tests</p>
</div>
<div class="test-contents d-none">
<div class="info">
<h4>@teapot_search</h4>
<span status="pass" class='badge log pass-bg'>1 passed</span>
</div>
<table class='table table-sm mt-4'>
<thead>
<tr>
<th class="status-col">Status</th>
<th class="timestamp-col">Timestamp</th>
<th>TestName</th>
</tr>
</thead>
<tbody>
<tr class="tag-test-status" status="pass">
<td><span class="badge log pass-bg">Pass</span></td>
<td>17:21:51 PM</td>
<td>
<a href="#" class="linked" test-id='164' id='171'>TC02_Teapot_Search</a>
<div class="">
<span class="badge badge-default">First Feature File.TC02_Teapot_Search</span>
</div>
</td>
</tr>
</tbody>
</table>
</div>
</li>
<li class="test-item">
<div class="test-detail">
<span class="meta">
<span class='badge log badge-danger'>5</span>
</span>
<p class="name">@customer_login</p>
<p class="duration text-sm">5 tests</p>
</div>
<div class="test-contents d-none">
<div class="info">
<h4>@customer_login</h4>
<span status="fail" class='badge log badge-danger'>5 failed</span>
</div>
<table class='table table-sm mt-4'>
<thead>
<tr>
<th class="status-col">Status</th>
<th class="timestamp-col">Timestamp</th>
<th>TestName</th>
</tr>
</thead>
<tbody>
<tr class="tag-test-status" status="fail">
<td><span class="badge log fail-bg">Fail</span></td>
<td>17:21:25 PM</td>
<td>
<a href="#" class="linked" test-id='97' id='98'>login_customer_profile_testing</a>
<div class="">
<span class="badge badge-default">customer_login.login_customer_profile_testing</span>
</div>
</td>
</tr>
<tr class="tag-test-status" status="fail">
<td><span class="badge log fail-bg">Fail</span></td>
<td>17:21:25 PM</td>
<td>
<a href="#" class="linked" test-id='97' id='99'>login_customer_profile_testing</a>
<div class="">
<span class="badge badge-default">customer_login.login_customer_profile_testing</span>
</div>
</td>
</tr>
<tr class="tag-test-status" status="fail">
<td><span class="badge log fail-bg">Fail</span></td>
<td>17:21:32 PM</td>
<td>
<a href="#" class="linked" test-id='97' id='108'>login_customer_profile_testing</a>
<div class="">
<span class="badge badge-default">customer_login.login_customer_profile_testing</span>
</div>
</td>
</tr>
<tr class="tag-test-status" status="fail">
<td><span class="badge log fail-bg">Fail</span></td>
<td>17:21:33 PM</td>
<td>
<a href="#" class="linked" test-id='97' id='117'>login_customer_profile_testing</a>
<div class="">
<span class="badge badge-default">customer_login.login_customer_profile_testing</span>
</div>
</td>
</tr>
<tr class="tag-test-status" status="fail">
<td><span class="badge log fail-bg">Fail</span></td>
<td>17:21:33 PM</td>
<td>
<a href="#" class="linked" test-id='97' id='126'>login_customer_profile_testing</a>
<div class="">
<span class="badge badge-default">customer_login.login_customer_profile_testing</span>
</div>
</td>
</tr>
</tbody>
</table>
</div>
</li>
<li class="test-item">
<div class="test-detail">
<span class="meta">
<span class='badge log badge-danger'>1</span>
</span>
<p class="name">@admin_excel_login</p>
<p class="duration text-sm">1 tests</p>
</div>
<div class="test-contents d-none">
<div class="info">
<h4>@admin_excel_login</h4>
<span status="fail" class='badge log badge-danger'>1 failed</span>
</div>
<table class='table table-sm mt-4'>
<thead>
<tr>
<th class="status-col">Status</th>
<th class="timestamp-col">Timestamp</th>
<th>TestName</th>
</tr>
</thead>
<tbody>
<tr class="tag-test-status" status="fail">
<td><span class="badge log fail-bg">Fail</span></td>
<td>17:21:37 PM</td>
<td>
<a href="#" class="linked" test-id='153' id='154'>TC_login_with_admin</a>
<div class="">
<span class="badge badge-default">FE35678_log_in_with_different_credentials.TC_login_with_admin</span>
</div>
</td>
</tr>
</tbody>
</table>
</div>
</li>
<li class="test-item">
<div class="test-detail">
<span class="meta">
<span class='badge log pass-bg'>5</span>
</span>
<p class="name">@parameterization1</p>
<p class="duration text-sm">5 tests</p>
</div>
<div class="test-contents d-none">
<div class="info">
<h4>@parameterization1</h4>
<span status="pass" class='badge log pass-bg'>5 passed</span>
</div>
<table class='table table-sm mt-4'>
<thead>
<tr>
<th class="status-col">Status</th>
<th class="timestamp-col">Timestamp</th>
<th>TestName</th>
</tr>
</thead>
<tbody>
<tr class="tag-test-status" status="pass">
<td><span class="badge log pass-bg">Pass</span></td>
<td>17:18:50 PM</td>
<td>
<a href="#" class="linked" test-id='1' id='2'>TC01_mercedes_Search</a>
<div class="">
<span class="badge badge-default">US12300_parameterizing_feature_file_google_search.TC01_mercedes_Search</span>
</div>
</td>
</tr>
<tr class="tag-test-status" status="pass">
<td><span class="badge log pass-bg">Pass</span></td>
<td>17:19:10 PM</td>
<td>
<a href="#" class="linked" test-id='1' id='8'>TC02_tesla_Search</a>
<div class="">
<span class="badge badge-default">US12300_parameterizing_feature_file_google_search.TC02_tesla_Search</span>
</div>
</td>
</tr>
<tr class="tag-test-status" status="pass">
<td><span class="badge log pass-bg">Pass</span></td>
<td>17:19:20 PM</td>
<td>
<a href="#" class="linked" test-id='1' id='14'>TC03_lexus_Search</a>
<div class="">
<span class="badge badge-default">US12300_parameterizing_feature_file_google_search.TC03_lexus_Search</span>
</div>
</td>
</tr>
<tr class="tag-test-status" status="pass">
<td><span class="badge log pass-bg">Pass</span></td>
<td>17:19:31 PM</td>
<td>
<a href="#" class="linked" test-id='1' id='20'>TC04_toros_Search</a>
<div class="">
<span class="badge badge-default">US12300_parameterizing_feature_file_google_search.TC04_toros_Search</span>
</div>
</td>
</tr>
<tr class="tag-test-status" status="pass">
<td><span class="badge log pass-bg">Pass</span></td>
<td>17:19:41 PM</td>
<td>
<a href="#" class="linked" test-id='1' id='26'>TC05_broadway_Search</a>
<div class="">
<span class="badge badge-default">US12300_parameterizing_feature_file_google_search.TC05_broadway_Search</span>
</div>
</td>
</tr>
</tbody>
</table>
</div>
</li>
<li class="test-item">
<div class="test-detail">
<span class="meta">
<span class='badge log badge-danger'>2</span>
</span>
<p class="name">@test2</p>
<p class="duration text-sm">2 tests</p>
</div>
<div class="test-contents d-none">
<div class="info">
<h4>@test2</h4>
<span status="fail" class='badge log badge-danger'>2 failed</span>
</div>
<table class='table table-sm mt-4'>
<thead>
<tr>
<th class="status-col">Status</th>
<th class="timestamp-col">Timestamp</th>
<th>TestName</th>
</tr>
</thead>
<tbody>
<tr class="tag-test-status" status="fail">
<td><span class="badge log fail-bg">Fail</span></td>
<td>17:21:34 PM</td>
<td>
<a href="#" class="linked" test-id='135' id='136'>login_with_admin_profile</a>
<div class="">
<span class="badge badge-default">admin_login.login_with_admin_profile</span>
</div>
</td>
</tr>
<tr class="tag-test-status" status="fail">
<td><span class="badge log fail-bg">Fail</span></td>
<td>17:21:36 PM</td>
<td>
<a href="#" class="linked" test-id='97' id='144'>login_customer_profile_testing</a>
<div class="">
<span class="badge badge-default">customer_login.login_customer_profile_testing</span>
</div>
</td>
</tr>
</tbody>
</table>
</div>
</li>
<li class="test-item">
<div class="test-detail">
<span class="meta">
<span class='badge log pass-bg'>4</span>
</span>
<p class="name">@google_search</p>
<p class="duration text-sm">4 tests</p>
</div>
<div class="test-contents d-none">
<div class="info">
<h4>@google_search</h4>
<span status="pass" class='badge log pass-bg'>4 passed</span>
</div>
<table class='table table-sm mt-4'>
<thead>
<tr>
<th class="status-col">Status</th>
<th class="timestamp-col">Timestamp</th>
<th>TestName</th>
</tr>
</thead>
<tbody>
<tr class="tag-test-status" status="pass">
<td><span class="badge log pass-bg">Pass</span></td>
<td>17:21:45 PM</td>
<td>
<a href="#" class="linked" test-id='164' id='165'>TC01_Iphone_Search</a>
<div class="">
<span class="badge badge-default">First Feature File.TC01_Iphone_Search</span>
</div>
</td>
</tr>
<tr class="tag-test-status" status="pass">
<td><span class="badge log pass-bg">Pass</span></td>
<td>17:21:51 PM</td>
<td>
<a href="#" class="linked" test-id='164' id='171'>TC02_Teapot_Search</a>
<div class="">
<span class="badge badge-default">First Feature File.TC02_Teapot_Search</span>
</div>
</td>
</tr>
<tr class="tag-test-status" status="pass">
<td><span class="badge log pass-bg">Pass</span></td>
<td>17:22:02 PM</td>
<td>
<a href="#" class="linked" test-id='164' id='177'>TC03_Flower_Search</a>
<div class="">
<span class="badge badge-default">First Feature File.TC03_Flower_Search</span>
</div>
</td>
</tr>
<tr class="tag-test-status" status="pass">
<td><span class="badge log pass-bg">Pass</span></td>
<td>17:22:12 PM</td>
<td>
<a href="#" class="linked" test-id='164' id='183'>TC04_BMW_Search</a>
<div class="">
<span class="badge badge-default">First Feature File.TC04_BMW_Search</span>
</div>
</td>
</tr>
</tbody>
</table>
</div>
</li>
<li class="test-item">
<div class="test-detail">
<span class="meta">
<span class='badge log badge-danger'>1</span>
</span>
<p class="name">@hooks_feature</p>
<p class="duration text-sm">1 tests</p>
</div>
<div class="test-contents d-none">
<div class="info">
<h4>@hooks_feature</h4>
<span status="fail" class='badge log badge-danger'>1 failed</span>
</div>
<table class='table table-sm mt-4'>
<thead>
<tr>
<th class="status-col">Status</th>
<th class="timestamp-col">Timestamp</th>
<th>TestName</th>
</tr>
</thead>
<tbody>
<tr class="tag-test-status" status="fail">
<td><span class="badge log fail-bg">Fail</span></td>
<td>17:21:36 PM</td>
<td>
<a href="#" class="linked" test-id='97' id='144'>login_customer_profile_testing</a>
<div class="">
<span class="badge badge-default">customer_login.login_customer_profile_testing</span>
</div>
</td>
</tr>
</tbody>
</table>
</div>
</li>
<li class="test-item">
<div class="test-detail">
<span class="meta">
<span class='badge log badge-danger'>1</span>
</span>
<p class="name">@customer_excel_login</p>
<p class="duration text-sm">1 tests</p>
</div>
<div class="test-contents d-none">
<div class="info">
<h4>@customer_excel_login</h4>
<span status="fail" class='badge log badge-danger'>1 failed</span>
</div>
<table class='table table-sm mt-4'>
<thead>
<tr>
<th class="status-col">Status</th>
<th class="timestamp-col">Timestamp</th>
<th>TestName</th>
</tr>
</thead>
<tbody>
<tr class="tag-test-status" status="fail">
<td><span class="badge log fail-bg">Fail</span></td>
<td>17:21:41 PM</td>
<td>
<a href="#" class="linked" test-id='153' id='159'>TC_login_with_customer</a>
<div class="">
<span class="badge badge-default">FE35678_log_in_with_different_credentials.TC_login_with_customer</span>
</div>
</td>
</tr>
</tbody>
</table>
</div>
</li>
<li class="test-item">
<div class="test-detail">
<span class="meta">
<span class='badge log badge-danger'>2</span>
</span>
<p class="name">@admin_login</p>
<p class="duration text-sm">2 tests</p>
</div>
<div class="test-contents d-none">
<div class="info">
<h4>@admin_login</h4>
<span status="fail" class='badge log badge-danger'>2 failed</span>
</div>
<table class='table table-sm mt-4'>
<thead>
<tr>
<th class="status-col">Status</th>
<th class="timestamp-col">Timestamp</th>
<th>TestName</th>
</tr>
</thead>
<tbody>
<tr class="tag-test-status" status="fail">
<td><span class="badge log fail-bg">Fail</span></td>
<td>17:21:34 PM</td>
<td>
<a href="#" class="linked" test-id='135' id='136'>login_with_admin_profile</a>
<div class="">
<span class="badge badge-default">admin_login.login_with_admin_profile</span>
</div>
</td>
</tr>
<tr class="tag-test-status" status="fail">
<td><span class="badge log fail-bg">Fail</span></td>
<td>17:21:36 PM</td>
<td>
<a href="#" class="linked" test-id='97' id='144'>login_customer_profile_testing</a>
<div class="">
<span class="badge badge-default">customer_login.login_customer_profile_testing</span>
</div>
</td>
</tr>
</tbody>
</table>
</div>
</li>
<li class="test-item">
<div class="test-detail">
<span class="meta">
<span class='badge log pass-bg'>10</span>
</span>
<p class="name">@test1</p>
<p class="duration text-sm">10 tests</p>
</div>
<div class="test-contents d-none">
<div class="info">
<h4>@test1</h4>
<span status="pass" class='badge log pass-bg'>10 passed</span>
</div>
<table class='table table-sm mt-4'>
<thead>
<tr>
<th class="status-col">Status</th>
<th class="timestamp-col">Timestamp</th>
<th>TestName</th>
</tr>
</thead>
<tbody>
<tr class="tag-test-status" status="pass">
<td><span class="badge log pass-bg">Pass</span></td>
<td>17:19:51 PM</td>
<td>
<a href="#" class="linked" test-id='32' id='33'>TC_Google_Search_Test</a>
<div class="">
<span class="badge badge-default">day02_US12300_scenario_outline_1.feature.TC_Google_Search_Test</span>
</div>
</td>
</tr>
<tr class="tag-test-status" status="pass">
<td><span class="badge log pass-bg">Pass</span></td>
<td>17:19:51 PM</td>
<td>
<a href="#" class="linked" test-id='32' id='34'>TC_Google_Search_Test</a>
<div class="">
<span class="badge badge-default">day02_US12300_scenario_outline_1.feature.TC_Google_Search_Test</span>
</div>
</td>
</tr>
<tr class="tag-test-status" status="pass">
<td><span class="badge log pass-bg">Pass</span></td>
<td>17:20:02 PM</td>
<td>
<a href="#" class="linked" test-id='32' id='41'>TC_Google_Search_Test</a>
<div class="">
<span class="badge badge-default">day02_US12300_scenario_outline_1.feature.TC_Google_Search_Test</span>
</div>
</td>
</tr>
<tr class="tag-test-status" status="pass">
<td><span class="badge log pass-bg">Pass</span></td>
<td>17:20:12 PM</td>
<td>
<a href="#" class="linked" test-id='32' id='48'>TC_Google_Search_Test</a>
<div class="">
<span class="badge badge-default">day02_US12300_scenario_outline_1.feature.TC_Google_Search_Test</span>
</div>
</td>
</tr>
<tr class="tag-test-status" status="pass">
<td><span class="badge log pass-bg">Pass</span></td>
<td>17:20:22 PM</td>
<td>
<a href="#" class="linked" test-id='32' id='55'>TC_Google_Search_Test</a>
<div class="">
<span class="badge badge-default">day02_US12300_scenario_outline_1.feature.TC_Google_Search_Test</span>
</div>
</td>
</tr>
<tr class="tag-test-status" status="pass">
<td><span class="badge log pass-bg">Pass</span></td>
<td>17:20:32 PM</td>
<td>
<a href="#" class="linked" test-id='32' id='62'>TC_Google_Search_Test</a>
<div class="">
<span class="badge badge-default">day02_US12300_scenario_outline_1.feature.TC_Google_Search_Test</span>
</div>
</td>
</tr>
<tr class="tag-test-status" status="pass">
<td><span class="badge log pass-bg">Pass</span></td>
<td>17:20:42 PM</td>
<td>
<a href="#" class="linked" test-id='32' id='69'>TC_Google_Search_Test</a>
<div class="">
<span class="badge badge-default">day02_US12300_scenario_outline_1.feature.TC_Google_Search_Test</span>
</div>
</td>
</tr>
<tr class="tag-test-status" status="pass">
<td><span class="badge log pass-bg">Pass</span></td>
<td>17:20:55 PM</td>
<td>
<a href="#" class="linked" test-id='32' id='76'>TC_Google_Search_Test</a>
<div class="">
<span class="badge badge-default">day02_US12300_scenario_outline_1.feature.TC_Google_Search_Test</span>
</div>
</td>
</tr>
<tr class="tag-test-status" status="pass">
<td><span class="badge log pass-bg">Pass</span></td>
<td>17:21:06 PM</td>
<td>
<a href="#" class="linked" test-id='32' id='83'>TC_Google_Search_Test</a>
<div class="">
<span class="badge badge-default">day02_US12300_scenario_outline_1.feature.TC_Google_Search_Test</span>
</div>
</td>
</tr>
<tr class="tag-test-status" status="pass">
<td><span class="badge log pass-bg">Pass</span></td>
<td>17:21:16 PM</td>
<td>
<a href="#" class="linked" test-id='32' id='90'>TC_Google_Search_Test</a>
<div class="">
<span class="badge badge-default">day02_US12300_scenario_outline_1.feature.TC_Google_Search_Test</span>
</div>
</td>
</tr>
</tbody>
</table>
</div>
</li>
<li class="test-item">
<div class="test-detail">
<span class="meta">
<span class='badge log badge-danger'>2</span>
</span>
<p class="name">@excel_feature</p>
<p class="duration text-sm">2 tests</p>
</div>
<div class="test-contents d-none">
<div class="info">
<h4>@excel_feature</h4>
<span status="fail" class='badge log badge-danger'>2 failed</span>
</div>
<table class='table table-sm mt-4'>
<thead>
<tr>
<th class="status-col">Status</th>
<th class="timestamp-col">Timestamp</th>
<th>TestName</th>
</tr>
</thead>
<tbody>
<tr class="tag-test-status" status="fail">
<td><span class="badge log fail-bg">Fail</span></td>
<td>17:21:37 PM</td>
<td>
<a href="#" class="linked" test-id='153' id='154'>TC_login_with_admin</a>
<div class="">
<span class="badge badge-default">FE35678_log_in_with_different_credentials.TC_login_with_admin</span>
</div>
</td>
</tr>
<tr class="tag-test-status" status="fail">
<td><span class="badge log fail-bg">Fail</span></td>
<td>17:21:41 PM</td>
<td>
<a href="#" class="linked" test-id='153' id='159'>TC_login_with_customer</a>
<div class="">
<span class="badge badge-default">FE35678_log_in_with_different_credentials.TC_login_with_customer</span>
</div>
</td>
</tr>
</tbody>
</table>
</div>
</li>
<li class="test-item">
<div class="test-detail">
<span class="meta">
<span class='badge log pass-bg'>2</span>
</span>
<p class="name">@smoke_test</p>
<p class="duration text-sm">2 tests</p>
</div>
<div class="test-contents d-none">
<div class="info">
<h4>@smoke_test</h4>
<span status="pass" class='badge log pass-bg'>2 passed</span>
</div>
<table class='table table-sm mt-4'>
<thead>
<tr>
<th class="status-col">Status</th>
<th class="timestamp-col">Timestamp</th>
<th>TestName</th>
</tr>
</thead>
<tbody>
<tr class="tag-test-status" status="pass">
<td><span class="badge log pass-bg">Pass</span></td>
<td>17:22:02 PM</td>
<td>
<a href="#" class="linked" test-id='164' id='177'>TC03_Flower_Search</a>
<div class="">
<span class="badge badge-default">First Feature File.TC03_Flower_Search</span>
</div>
</td>
</tr>
<tr class="tag-test-status" status="pass">
<td><span class="badge log pass-bg">Pass</span></td>
<td>17:22:12 PM</td>
<td>
<a href="#" class="linked" test-id='164' id='183'>TC04_BMW_Search</a>
<div class="">
<span class="badge badge-default">First Feature File.TC04_BMW_Search</span>
</div>
</td>
</tr>
</tbody>
</table>
</div>
</li>
</ul>
</div>
</div>
<div class="test-content scrollable">
<div class="test-content-detail">
<div class="detail-body"></div>
</div>
</div>
</div><div class="test-wrapper row view exception-view attributes-view">
<div class="test-list">
<div class="test-list-tools">
<ul class="tools pull-left"><li><a href=""><span class="font-size-14">Exception</span></a></li></ul>
<ul class="tools text-right"><li><a href="#"><span class="badge badge-primary">2</span></a></li></ul>
</div>
<div class="test-list-wrapper scrollable">
<ul class="test-list-item">
<li class="test-item">
<div class="test-detail">
<span class="meta">
<span class='badge log badge-danger'>8</span>
</span>
<p class="name">org.openqa.selenium.NoSuchElementException</p>
<p class="duration text-sm">8 tests</p>
</div>
<div class="test-contents d-none">
<div class="info">
<h4>org.openqa.selenium.NoSuchElementException</h4>
<span status="fail" class='badge log badge-danger'>8 failed</span>
</div>
<table class='table table-sm mt-4'>
<thead>
<tr>
<th class="status-col">Status</th>
<th class="timestamp-col">Timestamp</th>
<th>TestName</th>
</tr>
</thead>
<tbody>
<tr class="tag-test-status" status="fail">
<td><span class="badge log fail-bg">Fail</span></td>
<td>17:21:31 PM</td>
<td>
<a href="#" class="linked" test-id='97' id='101'>And user login dropdown</a>
<div class="">
<span class="badge badge-default">customer_login.login_customer_profile_testing.And user login dropdown</span>
</div>
</td>
</tr>
<tr class="tag-test-status" status="fail">
<td><span class="badge log fail-bg">Fail</span></td>
<td>17:21:32 PM</td>
<td>
<a href="#" class="linked" test-id='97' id='110'>And user login dropdown</a>
<div class="">
<span class="badge badge-default">customer_login.login_customer_profile_testing.And user login dropdown</span>
</div>
</td>
</tr>
<tr class="tag-test-status" status="fail">
<td><span class="badge log fail-bg">Fail</span></td>
<td>17:21:33 PM</td>
<td>
<a href="#" class="linked" test-id='97' id='119'>And user login dropdown</a>
<div class="">
<span class="badge badge-default">customer_login.login_customer_profile_testing.And user login dropdown</span>
</div>
</td>
</tr>
<tr class="tag-test-status" status="fail">
<td><span class="badge log fail-bg">Fail</span></td>
<td>17:21:34 PM</td>
<td>
<a href="#" class="linked" test-id='97' id='128'>And user login dropdown</a>
<div class="">
<span class="badge badge-default">customer_login.login_customer_profile_testing.And user login dropdown</span>
</div>
</td>
</tr>
<tr class="tag-test-status" status="fail">
<td><span class="badge log fail-bg">Fail</span></td>
<td>17:21:35 PM</td>
<td>
<a href="#" class="linked" test-id='135' id='138'>And user login dropdown</a>
<div class="">
<span class="badge badge-default">admin_login.login_with_admin_profile.And user login dropdown</span>
</div>
</td>
</tr>
<tr class="tag-test-status" status="fail">
<td><span class="badge log fail-bg">Fail</span></td>
<td>17:21:36 PM</td>
<td>
<a href="#" class="linked" test-id='97' id='146'>And user login dropdown</a>
<div class="">
<span class="badge badge-default">customer_login.login_customer_profile_testing.And user login dropdown</span>
</div>
</td>
</tr>
<tr class="tag-test-status" status="fail">
<td><span class="badge log fail-bg">Fail</span></td>
<td>17:21:37 PM</td>
<td>
<a href="#" class="linked" test-id='153' id='155'>Given user login with excel as "admin"</a>
<div class="">
<span class="badge badge-default">FE35678_log_in_with_different_credentials.TC_login_with_admin.Given user login with excel as "admin"</span>
</div>
</td>
</tr>
<tr class="tag-test-status" status="fail">
<td><span class="badge log fail-bg">Fail</span></td>
<td>17:21:41 PM</td>
<td>
<a href="#" class="linked" test-id='153' id='160'>Given user login with excel as "customer"</a>
<div class="">
<span class="badge badge-default">FE35678_log_in_with_different_credentials.TC_login_with_customer.Given user login with excel as "customer"</span>
</div>
</td>
</tr>
</tbody>
</table>
</div>
</li>
<li class="test-item">
<div class="test-detail">
<span class="meta">
<span class='badge log badge-danger'>1</span>
</span>
<p class="name">java.lang.NullPointerException</p>
<p class="duration text-sm">1 tests</p>
</div>
<div class="test-contents d-none">
<div class="info">
<h4>java.lang.NullPointerException</h4>
<span status="fail" class='badge log badge-danger'>1 failed</span>
</div>
<table class='table table-sm mt-4'>
<thead>
<tr>
<th class="status-col">Status</th>
<th class="timestamp-col">Timestamp</th>
<th>TestName</th>
</tr>
</thead>
<tbody>
<tr class="tag-test-status" status="fail">
<td><span class="badge log fail-bg">Fail</span></td>
<td>17:22:24 PM</td>
<td>
<a href="#" class="linked" test-id='189' id='192'>When user navigates to URL</a>
<div class="">
<span class="badge badge-default">Verify Test Cases.TC_07_Test_Cases.When user navigates to URL</span>
</div>
</td>
</tr>
</tbody>
</table>
</div>
</li>
</ul>
</div>
</div>
<div class="test-content scrollable">
<div class="test-content-detail">
<div class="detail-body"></div>
</div>
</div>
</div>        </div>
      </div>
    </div>
  </div>
<script src="https://cdn.jsdelivr.net/gh/extent-framework/extent-github-cdn@d6562a79075e061305ccfdb82f01e5e195e2d307/spark/js/spark-script.js"></script>
<script type="text/javascript"></script></body>
</html>